2018-10-20 19:06:45,018 [localhost-startStop-1] [org.springframework.beans.factory.support.DefaultListableBeanFactory]-[DEBUG] Creating instance of bean 'org.springframework.web.servlet.resource.ResourceHttpRequestHandler#1'
2018-10-20 19:06:45,019 [localhost-startStop-1] [org.springframework.beans.factory.support.DefaultListableBeanFactory]-[DEBUG] Eagerly caching bean 'org.springframework.web.servlet.resource.ResourceHttpRequestHandler#1' to allow for resolving potential circular references
2018-10-20 19:06:45,020 [localhost-startStop-1] [org.springframework.beans.factory.support.DefaultListableBeanFactory]-[DEBUG] Invoking afterPropertiesSet() on bean with name 'org.springframework.web.servlet.resource.ResourceHttpRequestHandler#1'
2018-10-20 19:06:45,026 [localhost-startStop-1] [org.springframework.beans.factory.support.DefaultListableBeanFactory]-[DEBUG] Finished creating instance of bean 'org.springframework.web.servlet.resource.ResourceHttpRequestHandler#1'
2018-10-20 19:06:45,027 [localhost-startStop-1] [org.springframework.beans.factory.support.DefaultListableBeanFactory]-[DEBUG] Creating shared instance of singleton bean 'org.springframework.web.servlet.handler.SimpleUrlHandlerMapping#1'
2018-10-20 19:06:45,027 [localhost-startStop-1] [org.springframework.beans.factory.support.DefaultListableBeanFactory]-[DEBUG] Creating instance of bean 'org.springframework.web.servlet.handler.SimpleUrlHandlerMapping#1'
2018-10-20 19:06:45,028 [localhost-startStop-1] [org.springframework.beans.factory.support.DefaultListableBeanFactory]-[DEBUG] Eagerly caching bean 'org.springframework.web.servlet.handler.SimpleUrlHandlerMapping#1' to allow for resolving potential circular references
2018-10-20 19:06:45,029 [localhost-startStop-1] [org.springframework.beans.factory.support.DefaultListableBeanFactory]-[DEBUG] Returning cached instance of singleton bean 'mvcPathMatcher'
2018-10-20 19:06:45,029 [localhost-startStop-1] [org.springframework.beans.factory.support.DefaultListableBeanFactory]-[DEBUG] Returning cached instance of singleton bean 'mvcUrlPathHelper'
2018-10-20 19:06:45,030 [localhost-startStop-1] [org.springframework.beans.factory.support.DefaultListableBeanFactory]-[DEBUG] Returning cached instance of singleton bean 'org.springframework.web.servlet.handler.MappedInterceptor#0'
2018-10-20 19:06:45,030 [localhost-startStop-1] [org.springframework.beans.factory.support.DefaultListableBeanFactory]-[DEBUG] Returning cached instance of singleton bean 'org.springframework.web.servlet.handler.MappedInterceptor#1'
2018-10-20 19:06:45,030 [localhost-startStop-1] [org.springframework.beans.factory.support.DefaultListableBeanFactory]-[DEBUG] Returning cached instance of singleton bean 'org.springframework.web.servlet.resource.ResourceHttpRequestHandler#1'
2018-10-20 19:06:45,030 [localhost-startStop-1] [org.springframework.web.servlet.handler.SimpleUrlHandlerMapping]-[INFO] Mapped URL path [/js/**] onto handler 'org.springframework.web.servlet.resource.ResourceHttpRequestHandler#1'
2018-10-20 19:06:45,031 [localhost-startStop-1] [org.springframework.beans.factory.support.DefaultListableBeanFactory]-[DEBUG] Finished creating instance of bean 'org.springframework.web.servlet.handler.SimpleUrlHandlerMapping#1'
2018-10-20 19:06:45,031 [localhost-startStop-1] [org.springframework.beans.factory.support.DefaultListableBeanFactory]-[DEBUG] Creating shared instance of singleton bean 'org.springframework.web.servlet.resource.ResourceHttpRequestHandler#2'
2018-10-20 19:06:45,031 [localhost-startStop-1] [org.springframework.beans.factory.support.DefaultListableBeanFactory]-[DEBUG] Creating instance of bean 'org.springframework.web.servlet.resource.ResourceHttpRequestHandler#2'
2018-10-20 19:06:45,031 [localhost-startStop-1] [org.springframework.beans.factory.support.DefaultListableBeanFactory]-[DEBUG] Eagerly caching bean 'org.springframework.web.servlet.resource.ResourceHttpRequestHandler#2' to allow for resolving potential circular references
2018-10-20 19:06:45,032 [localhost-startStop-1] [org.springframework.beans.factory.support.DefaultListableBeanFactory]-[DEBUG] Invoking afterPropertiesSet() on bean with name 'org.springframework.web.servlet.resource.ResourceHttpRequestHandler#2'
2018-10-20 19:06:45,032 [localhost-startStop-1] [org.springframework.beans.factory.support.DefaultListableBeanFactory]-[DEBUG] Finished creating instance of bean 'org.springframework.web.servlet.resource.ResourceHttpRequestHandler#2'
2018-10-20 19:06:45,032 [localhost-startStop-1] [org.springframework.beans.factory.support.DefaultListableBeanFactory]-[DEBUG] Creating shared instance of singleton bean 'org.springframework.web.servlet.handler.SimpleUrlHandlerMapping#2'
2018-10-20 19:06:45,032 [localhost-startStop-1] [org.springframework.beans.factory.support.DefaultListableBeanFactory]-[DEBUG] Creating instance of bean 'org.springframework.web.servlet.handler.SimpleUrlHandlerMapping#2'
2018-10-20 19:06:45,033 [localhost-startStop-1] [org.springframework.beans.factory.support.DefaultListableBeanFactory]-[DEBUG] Eagerly caching bean 'org.springframework.web.servlet.handler.SimpleUrlHandlerMapping#2' to allow for resolving potential circular references
2018-10-20 19:06:45,033 [localhost-startStop-1] [org.springframework.beans.factory.support.DefaultListableBeanFactory]-[DEBUG] Returning cached instance of singleton bean 'mvcPathMatcher'
2018-10-20 19:06:45,033 [localhost-startStop-1] [org.springframework.beans.factory.support.DefaultListableBeanFactory]-[DEBUG] Returning cached instance of singleton bean 'mvcUrlPathHelper'
2018-10-20 19:06:45,034 [localhost-startStop-1] [org.springframework.beans.factory.support.DefaultListableBeanFactory]-[DEBUG] Returning cached instance of singleton bean 'org.springframework.web.servlet.handler.MappedInterceptor#0'
2018-10-20 19:06:45,034 [localhost-startStop-1] [org.springframework.beans.factory.support.DefaultListableBeanFactory]-[DEBUG] Returning cached instance of singleton bean 'org.springframework.web.servlet.handler.MappedInterceptor#1'
2018-10-20 19:06:45,034 [localhost-startStop-1] [org.springframework.beans.factory.support.DefaultListableBeanFactory]-[DEBUG] Returning cached instance of singleton bean 'org.springframework.web.servlet.resource.ResourceHttpRequestHandler#2'
2018-10-20 19:06:45,034 [localhost-startStop-1] [org.springframework.web.servlet.handler.SimpleUrlHandlerMapping]-[INFO] Mapped URL path [/images/**] onto handler 'org.springframework.web.servlet.resource.ResourceHttpRequestHandler#2'
2018-10-20 19:06:45,034 [localhost-startStop-1] [org.springframework.beans.factory.support.DefaultListableBeanFactory]-[DEBUG] Finished creating instance of bean 'org.springframework.web.servlet.handler.SimpleUrlHandlerMapping#2'
2018-10-20 19:06:45,034 [localhost-startStop-1] [org.springframework.beans.factory.support.DefaultListableBeanFactory]-[DEBUG] Returning cached instance of singleton bean 'org.springframework.context.annotation.ConfigurationClassPostProcessor.importAwareProcessor'
2018-10-20 19:06:45,034 [localhost-startStop-1] [org.springframework.beans.factory.support.DefaultListableBeanFactory]-[DEBUG] Returning cached instance of singleton bean 'org.springframework.context.annotation.ConfigurationClassPostProcessor.enhancedConfigurationProcessor'
2018-10-20 19:06:45,034 [localhost-startStop-1] [org.springframework.web.context.support.XmlWebApplicationContext]-[DEBUG] Unable to locate LifecycleProcessor with name 'lifecycleProcessor': using default [org.springframework.context.support.DefaultLifecycleProcessor@17447166]
2018-10-20 19:06:45,035 [localhost-startStop-1] [org.springframework.beans.factory.support.DefaultListableBeanFactory]-[DEBUG] Returning cached instance of singleton bean 'lifecycleProcessor'
2018-10-20 19:06:45,035 [localhost-startStop-1] [org.springframework.beans.factory.support.DefaultListableBeanFactory]-[DEBUG] Returning cached instance of singleton bean 'mvcResourceUrlProvider'
2018-10-20 19:06:45,035 [localhost-startStop-1] [org.springframework.web.servlet.DispatcherServlet]-[DEBUG] Unable to locate MultipartResolver with name 'multipartResolver': no multipart request handling provided
2018-10-20 19:06:45,036 [localhost-startStop-1] [org.springframework.beans.factory.support.DefaultListableBeanFactory]-[DEBUG] Creating instance of bean 'org.springframework.web.servlet.i18n.AcceptHeaderLocaleResolver'
2018-10-20 19:06:45,039 [localhost-startStop-1] [org.springframework.beans.factory.support.DefaultListableBeanFactory]-[DEBUG] Finished creating instance of bean 'org.springframework.web.servlet.i18n.AcceptHeaderLocaleResolver'
2018-10-20 19:06:45,039 [localhost-startStop-1] [org.springframework.web.servlet.DispatcherServlet]-[DEBUG] Unable to locate LocaleResolver with name 'localeResolver': using default [org.springframework.web.servlet.i18n.AcceptHeaderLocaleResolver@9cb6e9c]
2018-10-20 19:06:45,040 [localhost-startStop-1] [org.springframework.beans.factory.support.DefaultListableBeanFactory]-[DEBUG] Creating instance of bean 'org.springframework.web.servlet.theme.FixedThemeResolver'
2018-10-20 19:06:45,044 [localhost-startStop-1] [org.springframework.beans.factory.support.DefaultListableBeanFactory]-[DEBUG] Finished creating instance of bean 'org.springframework.web.servlet.theme.FixedThemeResolver'
2018-10-20 19:06:45,044 [localhost-startStop-1] [org.springframework.web.servlet.DispatcherServlet]-[DEBUG] Unable to locate ThemeResolver with name 'themeResolver': using default [org.springframework.web.servlet.theme.FixedThemeResolver@6baaab10]
2018-10-20 19:06:45,045 [localhost-startStop-1] [org.springframework.beans.factory.support.DefaultListableBeanFactory]-[DEBUG] Returning cached instance of singleton bean 'org.springframework.web.servlet.mvc.method.annotation.RequestMappingHandlerMapping#0'
2018-10-20 19:06:45,045 [localhost-startStop-1] [org.springframework.beans.factory.support.DefaultListableBeanFactory]-[DEBUG] Returning cached instance of singleton bean 'org.springframework.web.servlet.handler.BeanNameUrlHandlerMapping'
2018-10-20 19:06:45,045 [localhost-startStop-1] [org.springframework.beans.factory.support.DefaultListableBeanFactory]-[DEBUG] Returning cached instance of singleton bean 'org.springframework.web.servlet.handler.SimpleUrlHandlerMapping#0'
2018-10-20 19:06:45,045 [localhost-startStop-1] [org.springframework.beans.factory.support.DefaultListableBeanFactory]-[DEBUG] Returning cached instance of singleton bean 'org.springframework.web.servlet.handler.SimpleUrlHandlerMapping#1'
2018-10-20 19:06:45,046 [localhost-startStop-1] [org.springframework.beans.factory.support.DefaultListableBeanFactory]-[DEBUG] Returning cached instance of singleton bean 'org.springframework.web.servlet.handler.SimpleUrlHandlerMapping#2'
2018-10-20 19:06:45,046 [localhost-startStop-1] [org.springframework.beans.factory.support.DefaultListableBeanFactory]-[DEBUG] Returning cached instance of singleton bean 'org.springframework.web.servlet.mvc.method.annotation.RequestMappingHandlerAdapter#0'
2018-10-20 19:06:45,046 [localhost-startStop-1] [org.springframework.beans.factory.support.DefaultListableBeanFactory]-[DEBUG] Returning cached instance of singleton bean 'org.springframework.web.servlet.mvc.HttpRequestHandlerAdapter'
2018-10-20 19:06:45,046 [localhost-startStop-1] [org.springframework.beans.factory.support.DefaultListableBeanFactory]-[DEBUG] Returning cached instance of singleton bean 'org.springframework.web.servlet.mvc.SimpleControllerHandlerAdapter'
2018-10-20 19:06:45,047 [localhost-startStop-1] [org.springframework.beans.factory.support.DefaultListableBeanFactory]-[DEBUG] Returning cached instance of singleton bean 'org.springframework.web.servlet.mvc.method.annotation.ExceptionHandlerExceptionResolver#0'
2018-10-20 19:06:45,047 [localhost-startStop-1] [org.springframework.beans.factory.support.DefaultListableBeanFactory]-[DEBUG] Returning cached instance of singleton bean 'org.springframework.web.servlet.mvc.annotation.ResponseStatusExceptionResolver#0'
2018-10-20 19:06:45,047 [localhost-startStop-1] [org.springframework.beans.factory.support.DefaultListableBeanFactory]-[DEBUG] Returning cached instance of singleton bean 'org.springframework.web.servlet.mvc.support.DefaultHandlerExceptionResolver#0'
2018-10-20 19:06:45,048 [localhost-startStop-1] [org.springframework.beans.factory.support.DefaultListableBeanFactory]-[DEBUG] Creating instance of bean 'org.springframework.web.servlet.view.DefaultRequestToViewNameTranslator'
2018-10-20 19:06:45,052 [localhost-startStop-1] [org.springframework.beans.factory.support.DefaultListableBeanFactory]-[DEBUG] Finished creating instance of bean 'org.springframework.web.servlet.view.DefaultRequestToViewNameTranslator'
2018-10-20 19:06:45,052 [localhost-startStop-1] [org.springframework.web.servlet.DispatcherServlet]-[DEBUG] Unable to locate RequestToViewNameTranslator with name 'viewNameTranslator': using default [org.springframework.web.servlet.view.DefaultRequestToViewNameTranslator@60589acb]
2018-10-20 19:06:45,052 [localhost-startStop-1] [org.springframework.beans.factory.support.DefaultListableBeanFactory]-[DEBUG] Returning cached instance of singleton bean 'org.springframework.web.servlet.view.InternalResourceViewResolver#0'
2018-10-20 19:06:45,054 [localhost-startStop-1] [org.springframework.beans.factory.support.DefaultListableBeanFactory]-[DEBUG] Creating instance of bean 'org.springframework.web.servlet.support.SessionFlashMapManager'
2018-10-20 19:06:45,059 [localhost-startStop-1] [org.springframework.beans.factory.support.DefaultListableBeanFactory]-[DEBUG] Finished creating instance of bean 'org.springframework.web.servlet.support.SessionFlashMapManager'
2018-10-20 19:06:45,059 [localhost-startStop-1] [org.springframework.web.servlet.DispatcherServlet]-[DEBUG] Unable to locate FlashMapManager with name 'flashMapManager': using default [org.springframework.web.servlet.support.SessionFlashMapManager@3b5cb731]
2018-10-20 19:06:45,059 [localhost-startStop-1] [org.springframework.web.servlet.resource.ResourceUrlProvider]-[DEBUG] Looking for resource handler mappings
2018-10-20 19:06:45,059 [localhost-startStop-1] [org.springframework.beans.factory.support.DefaultListableBeanFactory]-[DEBUG] Returning cached instance of singleton bean 'org.springframework.web.servlet.handler.SimpleUrlHandlerMapping#0'
2018-10-20 19:06:45,059 [localhost-startStop-1] [org.springframework.beans.factory.support.DefaultListableBeanFactory]-[DEBUG] Returning cached instance of singleton bean 'org.springframework.web.servlet.handler.SimpleUrlHandlerMapping#1'
2018-10-20 19:06:45,059 [localhost-startStop-1] [org.springframework.beans.factory.support.DefaultListableBeanFactory]-[DEBUG] Returning cached instance of singleton bean 'org.springframework.web.servlet.handler.SimpleUrlHandlerMapping#2'
2018-10-20 19:06:45,060 [localhost-startStop-1] [org.springframework.web.servlet.resource.ResourceUrlProvider]-[DEBUG] Found resource handler mapping: URL pattern="/css/**", locations=[ServletContext resource [/WEB-INF/css/]], resolvers=[org.springframework.web.servlet.resource.PathResourceResolver@43ff1069]
2018-10-20 19:06:45,060 [localhost-startStop-1] [org.springframework.web.servlet.resource.ResourceUrlProvider]-[DEBUG] Found resource handler mapping: URL pattern="/js/**", locations=[ServletContext resource [/WEB-INF/js/]], resolvers=[org.springframework.web.servlet.resource.PathResourceResolver@1e8e805f]
2018-10-20 19:06:45,060 [localhost-startStop-1] [org.springframework.web.servlet.resource.ResourceUrlProvider]-[DEBUG] Found resource handler mapping: URL pattern="/images/**", locations=[ServletContext resource [/WEB-INF/images/]], resolvers=[org.springframework.web.servlet.resource.PathResourceResolver@1d8deca5]
2018-10-20 19:06:45,060 [localhost-startStop-1] [org.springframework.web.servlet.resource.ResourceUrlProvider]-[DEBUG] Looking for resource handler mappings
2018-10-20 19:06:45,060 [localhost-startStop-1] [org.springframework.beans.factory.support.DefaultListableBeanFactory]-[DEBUG] Returning cached instance of singleton bean 'org.springframework.web.servlet.handler.SimpleUrlHandlerMapping#0'
2018-10-20 19:06:45,060 [localhost-startStop-1] [org.springframework.beans.factory.support.DefaultListableBeanFactory]-[DEBUG] Returning cached instance of singleton bean 'org.springframework.web.servlet.handler.SimpleUrlHandlerMapping#1'
2018-10-20 19:06:45,060 [localhost-startStop-1] [org.springframework.beans.factory.support.DefaultListableBeanFactory]-[DEBUG] Returning cached instance of singleton bean 'org.springframework.web.servlet.handler.SimpleUrlHandlerMapping#2'
2018-10-20 19:06:45,060 [localhost-startStop-1] [org.springframework.web.servlet.resource.ResourceUrlProvider]-[DEBUG] Found resource handler mapping: URL pattern="/css/**", locations=[ServletContext resource [/WEB-INF/css/]], resolvers=[org.springframework.web.servlet.resource.PathResourceResolver@43ff1069]
2018-10-20 19:06:45,060 [localhost-startStop-1] [org.springframework.web.servlet.resource.ResourceUrlProvider]-[DEBUG] Found resource handler mapping: URL pattern="/js/**", locations=[ServletContext resource [/WEB-INF/js/]], resolvers=[org.springframework.web.servlet.resource.PathResourceResolver@1e8e805f]
2018-10-20 19:06:45,060 [localhost-startStop-1] [org.springframework.web.servlet.resource.ResourceUrlProvider]-[DEBUG] Found resource handler mapping: URL pattern="/images/**", locations=[ServletContext resource [/WEB-INF/images/]], resolvers=[org.springframework.web.servlet.resource.PathResourceResolver@1d8deca5]
2018-10-20 19:06:45,060 [localhost-startStop-1] [org.springframework.core.env.PropertySourcesPropertyResolver]-[DEBUG] Searching for key 'spring.liveBeansView.mbeanDomain' in [servletConfigInitParams]
2018-10-20 19:06:45,061 [localhost-startStop-1] [org.springframework.core.env.PropertySourcesPropertyResolver]-[DEBUG] Searching for key 'spring.liveBeansView.mbeanDomain' in [servletContextInitParams]
2018-10-20 19:06:45,061 [localhost-startStop-1] [org.springframework.core.env.PropertySourcesPropertyResolver]-[DEBUG] Searching for key 'spring.liveBeansView.mbeanDomain' in [jndiProperties]
2018-10-20 19:06:45,061 [localhost-startStop-1] [org.springframework.jndi.JndiTemplate]-[DEBUG] Looking up JNDI object with name [java:comp/env/spring.liveBeansView.mbeanDomain]
2018-10-20 19:06:45,061 [localhost-startStop-1] [org.springframework.jndi.JndiLocatorDelegate]-[DEBUG] Converted JNDI name [java:comp/env/spring.liveBeansView.mbeanDomain] not found - trying original name [spring.liveBeansView.mbeanDomain]. javax.naming.NameNotFoundException: Name [spring.liveBeansView.mbeanDomain] is not bound in this Context. Unable to find [spring.liveBeansView.mbeanDomain].
2018-10-20 19:06:45,061 [localhost-startStop-1] [org.springframework.jndi.JndiTemplate]-[DEBUG] Looking up JNDI object with name [spring.liveBeansView.mbeanDomain]
2018-10-20 19:06:45,061 [localhost-startStop-1] [org.springframework.jndi.JndiPropertySource]-[DEBUG] JNDI lookup for name [spring.liveBeansView.mbeanDomain] threw NamingException with message: Name [spring.liveBeansView.mbeanDomain] is not bound in this Context. Unable to find [spring.liveBeansView.mbeanDomain].. Returning null.
2018-10-20 19:06:45,061 [localhost-startStop-1] [org.springframework.core.env.PropertySourcesPropertyResolver]-[DEBUG] Searching for key 'spring.liveBeansView.mbeanDomain' in [systemProperties]
2018-10-20 19:06:45,061 [localhost-startStop-1] [org.springframework.core.env.PropertySourcesPropertyResolver]-[DEBUG] Searching for key 'spring.liveBeansView.mbeanDomain' in [systemEnvironment]
2018-10-20 19:06:45,061 [localhost-startStop-1] [org.springframework.core.env.PropertySourcesPropertyResolver]-[DEBUG] Could not find key 'spring.liveBeansView.mbeanDomain' in any property source. Returning [null]
2018-10-20 19:06:45,062 [localhost-startStop-1] [org.springframework.web.servlet.DispatcherServlet]-[DEBUG] Published WebApplicationContext of servlet 'flyfox-sso' as ServletContext attribute with name [org.springframework.web.servlet.FrameworkServlet.CONTEXT.flyfox-sso]
2018-10-20 19:06:45,062 [localhost-startStop-1] [org.springframework.web.servlet.DispatcherServlet]-[INFO] FrameworkServlet 'flyfox-sso': initialization completed in 1132 ms
2018-10-20 19:06:45,062 [localhost-startStop-1] [org.springframework.web.servlet.DispatcherServlet]-[DEBUG] Servlet 'flyfox-sso' configured successfully
2018-10-20 21:26:30,122 [http-bio-8084-exec-1] [org.springframework.web.servlet.DispatcherServlet]-[DEBUG] DispatcherServlet with name 'flyfox-sso' processing GET request for [/page/login]
2018-10-20 21:26:30,132 [http-bio-8084-exec-1] [org.springframework.web.servlet.mvc.method.annotation.RequestMappingHandlerMapping]-[DEBUG] Looking up handler method for path /page/login
2018-10-20 21:26:30,141 [http-bio-8084-exec-1] [org.springframework.web.servlet.mvc.method.annotation.RequestMappingHandlerMapping]-[DEBUG] Returning handler method [public java.lang.String com.flyfox.sso.controller.PageController.showLogin(java.lang.String,org.springframework.ui.Model)]
2018-10-20 21:26:30,142 [http-bio-8084-exec-1] [org.springframework.beans.factory.support.DefaultListableBeanFactory]-[DEBUG] Returning cached instance of singleton bean 'pageController'
2018-10-20 21:26:30,143 [http-bio-8084-exec-1] [org.springframework.web.servlet.DispatcherServlet]-[DEBUG] Last-Modified value for [/page/login] is: -1
2018-10-20 21:26:30,211 [http-bio-8084-exec-1] [org.springframework.beans.factory.support.DefaultListableBeanFactory]-[DEBUG] Invoking afterPropertiesSet() on bean with name 'login'
2018-10-20 21:26:30,212 [http-bio-8084-exec-1] [org.springframework.web.servlet.DispatcherServlet]-[DEBUG] Rendering view [org.springframework.web.servlet.view.InternalResourceView: name 'login'; URL [/WEB-INF/jsp/login.jsp]] in DispatcherServlet with name 'flyfox-sso'
2018-10-20 21:26:30,212 [http-bio-8084-exec-1] [org.springframework.web.servlet.view.InternalResourceView]-[DEBUG] Removed model object 'redirect' from request in view with name 'login'
2018-10-20 21:26:30,213 [http-bio-8084-exec-1] [org.springframework.web.servlet.view.InternalResourceView]-[DEBUG] Forwarding to resource [/WEB-INF/jsp/login.jsp] in InternalResourceView 'login'
2018-10-20 21:26:31,303 [http-bio-8084-exec-1] [org.springframework.web.servlet.DispatcherServlet]-[DEBUG] Successfully completed request
2018-10-20 21:26:31,306 [http-bio-8084-exec-1] [org.springframework.beans.factory.support.DefaultListableBeanFactory]-[DEBUG] Returning cached instance of singleton bean 'sqlSessionFactory'
2018-10-20 21:26:31,357 [http-bio-8084-exec-3] [org.springframework.web.servlet.DispatcherServlet]-[DEBUG] DispatcherServlet with name 'flyfox-sso' processing GET request for [/css/login.css]
2018-10-20 21:26:31,358 [http-bio-8084-exec-3] [org.springframework.web.servlet.mvc.method.annotation.RequestMappingHandlerMapping]-[DEBUG] Looking up handler method for path /css/login.css
2018-10-20 21:26:31,360 [http-bio-8084-exec-3] [org.springframework.web.servlet.mvc.method.annotation.RequestMappingHandlerMapping]-[DEBUG] Did not find handler method for [/css/login.css]
2018-10-20 21:26:31,361 [http-bio-8084-exec-2] [org.springframework.web.servlet.DispatcherServlet]-[DEBUG] DispatcherServlet with name 'flyfox-sso' processing GET request for [/js/jquery-1.6.4.js]
2018-10-20 21:26:31,362 [http-bio-8084-exec-2] [org.springframework.web.servlet.mvc.method.annotation.RequestMappingHandlerMapping]-[DEBUG] Looking up handler method for path /js/jquery-1.6.4.js
2018-10-20 21:26:31,362 [http-bio-8084-exec-3] [org.springframework.web.servlet.handler.SimpleUrlHandlerMapping]-[DEBUG] Matching patterns for request [/css/login.css] are [/css/**]
2018-10-20 21:26:31,363 [http-bio-8084-exec-2] [org.springframework.web.servlet.mvc.method.annotation.RequestMappingHandlerMapping]-[DEBUG] Did not find handler method for [/js/jquery-1.6.4.js]
2018-10-20 21:26:31,364 [http-bio-8084-exec-2] [org.springframework.web.servlet.handler.SimpleUrlHandlerMapping]-[DEBUG] Matching patterns for request [/js/jquery-1.6.4.js] are [/js/**]
2018-10-20 21:26:31,369 [http-bio-8084-exec-2] [org.springframework.web.servlet.handler.SimpleUrlHandlerMapping]-[DEBUG] URI Template variables for request [/js/jquery-1.6.4.js] are {}
2018-10-20 21:26:31,369 [http-bio-8084-exec-3] [org.springframework.web.servlet.handler.SimpleUrlHandlerMapping]-[DEBUG] URI Template variables for request [/css/login.css] are {}
2018-10-20 21:26:31,370 [http-bio-8084-exec-4] [org.springframework.web.servlet.DispatcherServlet]-[DEBUG] DispatcherServlet with name 'flyfox-sso' processing GET request for [/images/flyfox-logo.gif]
2018-10-20 21:26:31,370 [http-bio-8084-exec-4] [org.springframework.web.servlet.mvc.method.annotation.RequestMappingHandlerMapping]-[DEBUG] Looking up handler method for path /images/flyfox-logo.gif
2018-10-20 21:26:31,370 [http-bio-8084-exec-3] [org.springframework.web.servlet.handler.SimpleUrlHandlerMapping]-[DEBUG] Mapping [/css/login.css] to HandlerExecutionChain with handler [ResourceHttpRequestHandler [locations=[ServletContext resource [/WEB-INF/css/]], resolvers=[org.springframework.web.servlet.resource.PathResourceResolver@43ff1069]]] and 1 interceptor
2018-10-20 21:26:31,370 [http-bio-8084-exec-2] [org.springframework.web.servlet.handler.SimpleUrlHandlerMapping]-[DEBUG] Mapping [/js/jquery-1.6.4.js] to HandlerExecutionChain with handler [ResourceHttpRequestHandler [locations=[ServletContext resource [/WEB-INF/js/]], resolvers=[org.springframework.web.servlet.resource.PathResourceResolver@1e8e805f]]] and 1 interceptor
2018-10-20 21:26:31,371 [http-bio-8084-exec-4] [org.springframework.web.servlet.mvc.method.annotation.RequestMappingHandlerMapping]-[DEBUG] Did not find handler method for [/images/flyfox-logo.gif]
2018-10-20 21:26:31,372 [http-bio-8084-exec-4] [org.springframework.web.servlet.handler.SimpleUrlHandlerMapping]-[DEBUG] Matching patterns for request [/images/flyfox-logo.gif] are [/images/**]
2018-10-20 21:26:31,372 [http-bio-8084-exec-2] [org.springframework.web.servlet.DispatcherServlet]-[DEBUG] Last-Modified value for [/js/jquery-1.6.4.js] is: -1
2018-10-20 21:26:31,372 [http-bio-8084-exec-3] [org.springframework.web.servlet.DispatcherServlet]-[DEBUG] Last-Modified value for [/css/login.css] is: -1
2018-10-20 21:26:31,372 [http-bio-8084-exec-4] [org.springframework.web.servlet.handler.SimpleUrlHandlerMapping]-[DEBUG] URI Template variables for request [/images/flyfox-logo.gif] are {}
2018-10-20 21:26:31,373 [http-bio-8084-exec-4] [org.springframework.web.servlet.handler.SimpleUrlHandlerMapping]-[DEBUG] Mapping [/images/flyfox-logo.gif] to HandlerExecutionChain with handler [ResourceHttpRequestHandler [locations=[ServletContext resource [/WEB-INF/images/]], resolvers=[org.springframework.web.servlet.resource.PathResourceResolver@1d8deca5]]] and 1 interceptor
2018-10-20 21:26:31,373 [http-bio-8084-exec-4] [org.springframework.web.servlet.DispatcherServlet]-[DEBUG] Last-Modified value for [/images/flyfox-logo.gif] is: -1
2018-10-20 21:26:31,392 [http-bio-8084-exec-2] [org.springframework.web.servlet.DispatcherServlet]-[DEBUG] Null ModelAndView returned to DispatcherServlet with name 'flyfox-sso': assuming HandlerAdapter completed request handling
2018-10-20 21:26:31,392 [http-bio-8084-exec-2] [org.springframework.web.servlet.DispatcherServlet]-[DEBUG] Successfully completed request
2018-10-20 21:26:31,392 [http-bio-8084-exec-3] [org.springframework.web.servlet.DispatcherServlet]-[DEBUG] Null ModelAndView returned to DispatcherServlet with name 'flyfox-sso': assuming HandlerAdapter completed request handling
2018-10-20 21:26:31,394 [http-bio-8084-exec-3] [org.springframework.web.servlet.DispatcherServlet]-[DEBUG] Successfully completed request
2018-10-20 21:26:31,406 [http-bio-8084-exec-4] [org.springframework.web.servlet.DispatcherServlet]-[DEBUG] Null ModelAndView returned to DispatcherServlet with name 'flyfox-sso': assuming HandlerAdapter completed request handling
2018-10-20 21:26:31,406 [http-bio-8084-exec-4] [org.springframework.web.servlet.DispatcherServlet]-[DEBUG] Successfully completed request
2018-10-20 21:26:31,607 [http-bio-8084-exec-7] [org.springframework.web.servlet.DispatcherServlet]-[DEBUG] DispatcherServlet with name 'flyfox-sso' processing GET request for [/images/login-all-bg.png]
2018-10-20 21:26:31,608 [http-bio-8084-exec-7] [org.springframework.web.servlet.mvc.method.annotation.RequestMappingHandlerMapping]-[DEBUG] Looking up handler method for path /images/login-all-bg.png
2018-10-20 21:26:31,608 [http-bio-8084-exec-7] [org.springframework.web.servlet.mvc.method.annotation.RequestMappingHandlerMapping]-[DEBUG] Did not find handler method for [/images/login-all-bg.png]
2018-10-20 21:26:31,609 [http-bio-8084-exec-7] [org.springframework.web.servlet.handler.SimpleUrlHandlerMapping]-[DEBUG] Matching patterns for request [/images/login-all-bg.png] are [/images/**]
2018-10-20 21:26:31,609 [http-bio-8084-exec-7] [org.springframework.web.servlet.handler.SimpleUrlHandlerMapping]-[DEBUG] URI Template variables for request [/images/login-all-bg.png] are {}
2018-10-20 21:26:31,609 [http-bio-8084-exec-7] [org.springframework.web.servlet.handler.SimpleUrlHandlerMapping]-[DEBUG] Mapping [/images/login-all-bg.png] to HandlerExecutionChain with handler [ResourceHttpRequestHandler [locations=[ServletContext resource [/WEB-INF/images/]], resolvers=[org.springframework.web.servlet.resource.PathResourceResolver@1d8deca5]]] and 1 interceptor
2018-10-20 21:26:31,609 [http-bio-8084-exec-7] [org.springframework.web.servlet.DispatcherServlet]-[DEBUG] Last-Modified value for [/images/login-all-bg.png] is: -1
2018-10-20 21:26:31,609 [http-bio-8084-exec-5] [org.springframework.web.servlet.DispatcherServlet]-[DEBUG] DispatcherServlet with name 'flyfox-sso' processing GET request for [/images/544a11d3Na5a3d566.png]
2018-10-20 21:26:31,610 [http-bio-8084-exec-5] [org.springframework.web.servlet.mvc.method.annotation.RequestMappingHandlerMapping]-[DEBUG] Looking up handler method for path /images/544a11d3Na5a3d566.png
2018-10-20 21:26:31,610 [http-bio-8084-exec-5] [org.springframework.web.servlet.mvc.method.annotation.RequestMappingHandlerMapping]-[DEBUG] Did not find handler method for [/images/544a11d3Na5a3d566.png]
2018-10-20 21:26:31,611 [http-bio-8084-exec-5] [org.springframework.web.servlet.handler.SimpleUrlHandlerMapping]-[DEBUG] Matching patterns for request [/images/544a11d3Na5a3d566.png] are [/images/**]
2018-10-20 21:26:31,611 [http-bio-8084-exec-5] [org.springframework.web.servlet.handler.SimpleUrlHandlerMapping]-[DEBUG] URI Template variables for request [/images/544a11d3Na5a3d566.png] are {}
2018-10-20 21:26:31,611 [http-bio-8084-exec-5] [org.springframework.web.servlet.handler.SimpleUrlHandlerMapping]-[DEBUG] Mapping [/images/544a11d3Na5a3d566.png] to HandlerExecutionChain with handler [ResourceHttpRequestHandler [locations=[ServletContext resource [/WEB-INF/images/]], resolvers=[org.springframework.web.servlet.resource.PathResourceResolver@1d8deca5]]] and 1 interceptor
2018-10-20 21:26:31,611 [http-bio-8084-exec-5] [org.springframework.web.servlet.DispatcherServlet]-[DEBUG] Last-Modified value for [/images/544a11d3Na5a3d566.png] is: -1
2018-10-20 21:26:31,614 [http-bio-8084-exec-7] [org.springframework.web.servlet.DispatcherServlet]-[DEBUG] Null ModelAndView returned to DispatcherServlet with name 'flyfox-sso': assuming HandlerAdapter completed request handling
2018-10-20 21:26:31,614 [http-bio-8084-exec-7] [org.springframework.web.servlet.DispatcherServlet]-[DEBUG] Successfully completed request
2018-10-20 21:26:31,620 [http-bio-8084-exec-5] [org.springframework.web.servlet.DispatcherServlet]-[DEBUG] Null ModelAndView returned to DispatcherServlet with name 'flyfox-sso': assuming HandlerAdapter completed request handling
2018-10-20 21:26:31,620 [http-bio-8084-exec-5] [org.springframework.web.servlet.DispatcherServlet]-[DEBUG] Successfully completed request
2018-10-20 21:26:31,722 [http-bio-8084-exec-9] [org.springframework.web.servlet.DispatcherServlet]-[DEBUG] DispatcherServlet with name 'flyfox-sso' processing GET request for [/favicon.ico]
2018-10-20 21:26:31,722 [http-bio-8084-exec-9] [org.springframework.web.servlet.mvc.method.annotation.RequestMappingHandlerMapping]-[DEBUG] Looking up handler method for path /favicon.ico
2018-10-20 21:26:31,723 [http-bio-8084-exec-9] [org.springframework.web.servlet.mvc.method.annotation.RequestMappingHandlerMapping]-[DEBUG] Did not find handler method for [/favicon.ico]
2018-10-20 21:26:31,723 [http-bio-8084-exec-9] [org.springframework.web.servlet.PageNotFound]-[WARN] No mapping found for HTTP request with URI [/favicon.ico] in DispatcherServlet with name 'flyfox-sso'
2018-10-20 21:26:31,724 [http-bio-8084-exec-9] [org.springframework.web.servlet.DispatcherServlet]-[DEBUG] Successfully completed request
2018-10-20 21:28:38,494 [http-bio-8084-exec-1] [org.springframework.web.servlet.DispatcherServlet]-[DEBUG] DispatcherServlet with name 'flyfox-sso' processing GET request for [/page/login]
2018-10-20 21:28:38,494 [http-bio-8084-exec-1] [org.springframework.web.servlet.mvc.method.annotation.RequestMappingHandlerMapping]-[DEBUG] Looking up handler method for path /page/login
2018-10-20 21:28:38,494 [http-bio-8084-exec-1] [org.springframework.web.servlet.mvc.method.annotation.RequestMappingHandlerMapping]-[DEBUG] Returning handler method [public java.lang.String com.flyfox.sso.controller.PageController.showLogin(java.lang.String,org.springframework.ui.Model)]
2018-10-20 21:28:38,495 [http-bio-8084-exec-1] [org.springframework.beans.factory.support.DefaultListableBeanFactory]-[DEBUG] Returning cached instance of singleton bean 'pageController'
2018-10-20 21:28:38,495 [http-bio-8084-exec-1] [org.springframework.web.servlet.DispatcherServlet]-[DEBUG] Last-Modified value for [/page/login] is: -1
2018-10-20 21:28:38,496 [http-bio-8084-exec-1] [org.springframework.web.servlet.DispatcherServlet]-[DEBUG] Rendering view [org.springframework.web.servlet.view.InternalResourceView: name 'login'; URL [/WEB-INF/jsp/login.jsp]] in DispatcherServlet with name 'flyfox-sso'
2018-10-20 21:28:38,496 [http-bio-8084-exec-1] [org.springframework.web.servlet.view.InternalResourceView]-[DEBUG] Removed model object 'redirect' from request in view with name 'login'
2018-10-20 21:28:38,496 [http-bio-8084-exec-1] [org.springframework.web.servlet.view.InternalResourceView]-[DEBUG] Forwarding to resource [/WEB-INF/jsp/login.jsp] in InternalResourceView 'login'
2018-10-20 21:28:38,758 [http-bio-8084-exec-1] [org.springframework.web.servlet.DispatcherServlet]-[DEBUG] Successfully completed request
2018-10-20 21:28:38,793 [http-bio-8084-exec-1] [org.springframework.web.servlet.DispatcherServlet]-[DEBUG] DispatcherServlet with name 'flyfox-sso' processing GET request for [/images/flyfox-logo.gif]
2018-10-20 21:28:38,794 [http-bio-8084-exec-1] [org.springframework.web.servlet.mvc.method.annotation.RequestMappingHandlerMapping]-[DEBUG] Looking up handler method for path /images/flyfox-logo.gif
2018-10-20 21:28:38,794 [http-bio-8084-exec-1] [org.springframework.web.servlet.mvc.method.annotation.RequestMappingHandlerMapping]-[DEBUG] Did not find handler method for [/images/flyfox-logo.gif]
2018-10-20 21:28:38,795 [http-bio-8084-exec-1] [org.springframework.web.servlet.handler.SimpleUrlHandlerMapping]-[DEBUG] Matching patterns for request [/images/flyfox-logo.gif] are [/images/**]
2018-10-20 21:28:38,795 [http-bio-8084-exec-1] [org.springframework.web.servlet.handler.SimpleUrlHandlerMapping]-[DEBUG] URI Template variables for request [/images/flyfox-logo.gif] are {}
2018-10-20 21:28:38,795 [http-bio-8084-exec-1] [org.springframework.web.servlet.handler.SimpleUrlHandlerMapping]-[DEBUG] Mapping [/images/flyfox-logo.gif] to HandlerExecutionChain with handler [ResourceHttpRequestHandler [locations=[ServletContext resource [/WEB-INF/images/]], resolvers=[org.springframework.web.servlet.resource.PathResourceResolver@1d8deca5]]] and 1 interceptor
2018-10-20 21:28:38,795 [http-bio-8084-exec-1] [org.springframework.web.servlet.DispatcherServlet]-[DEBUG] Last-Modified value for [/images/flyfox-logo.gif] is: -1
2018-10-20 21:28:38,798 [http-bio-8084-exec-1] [org.springframework.web.servlet.DispatcherServlet]-[DEBUG] Null ModelAndView returned to DispatcherServlet with name 'flyfox-sso': assuming HandlerAdapter completed request handling
2018-10-20 21:28:38,799 [http-bio-8084-exec-1] [org.springframework.web.servlet.DispatcherServlet]-[DEBUG] Successfully completed request
2018-10-20 21:29:15,567 [http-bio-8084-exec-1] [org.springframework.web.servlet.DispatcherServlet]-[DEBUG] DispatcherServlet with name 'flyfox-sso' processing GET request for [/page/login]
2018-10-20 21:29:15,568 [http-bio-8084-exec-1] [org.springframework.web.servlet.mvc.method.annotation.RequestMappingHandlerMapping]-[DEBUG] Looking up handler method for path /page/login
2018-10-20 21:29:15,568 [http-bio-8084-exec-1] [org.springframework.web.servlet.mvc.method.annotation.RequestMappingHandlerMapping]-[DEBUG] Returning handler method [public java.lang.String com.flyfox.sso.controller.PageController.showLogin(java.lang.String,org.springframework.ui.Model)]
2018-10-20 21:29:15,568 [http-bio-8084-exec-1] [org.springframework.beans.factory.support.DefaultListableBeanFactory]-[DEBUG] Returning cached instance of singleton bean 'pageController'
2018-10-20 21:29:15,568 [http-bio-8084-exec-1] [org.springframework.web.servlet.DispatcherServlet]-[DEBUG] Last-Modified value for [/page/login] is: -1
2018-10-20 21:29:15,569 [http-bio-8084-exec-1] [org.springframework.web.servlet.DispatcherServlet]-[DEBUG] Rendering view [org.springframework.web.servlet.view.InternalResourceView: name 'login'; URL [/WEB-INF/jsp/login.jsp]] in DispatcherServlet with name 'flyfox-sso'
2018-10-20 21:29:15,570 [http-bio-8084-exec-1] [org.springframework.web.servlet.view.InternalResourceView]-[DEBUG] Removed model object 'redirect' from request in view with name 'login'
2018-10-20 21:29:15,570 [http-bio-8084-exec-1] [org.springframework.web.servlet.view.InternalResourceView]-[DEBUG] Forwarding to resource [/WEB-INF/jsp/login.jsp] in InternalResourceView 'login'
2018-10-20 21:29:15,751 [http-bio-8084-exec-1] [org.springframework.web.servlet.DispatcherServlet]-[DEBUG] Successfully completed request
2018-10-20 21:29:15,805 [http-bio-8084-exec-5] [org.springframework.web.servlet.DispatcherServlet]-[DEBUG] DispatcherServlet with name 'flyfox-sso' processing GET request for [/images/flyfox-logo.gif]
2018-10-20 21:29:15,806 [http-bio-8084-exec-5] [org.springframework.web.servlet.mvc.method.annotation.RequestMappingHandlerMapping]-[DEBUG] Looking up handler method for path /images/flyfox-logo.gif
2018-10-20 21:29:15,807 [http-bio-8084-exec-5] [org.springframework.web.servlet.mvc.method.annotation.RequestMappingHandlerMapping]-[DEBUG] Did not find handler method for [/images/flyfox-logo.gif]
2018-10-20 21:29:15,807 [http-bio-8084-exec-5] [org.springframework.web.servlet.handler.SimpleUrlHandlerMapping]-[DEBUG] Matching patterns for request [/images/flyfox-logo.gif] are [/images/**]
2018-10-20 21:29:15,807 [http-bio-8084-exec-5] [org.springframework.web.servlet.handler.SimpleUrlHandlerMapping]-[DEBUG] URI Template variables for request [/images/flyfox-logo.gif] are {}
2018-10-20 21:29:15,807 [http-bio-8084-exec-5] [org.springframework.web.servlet.handler.SimpleUrlHandlerMapping]-[DEBUG] Mapping [/images/flyfox-logo.gif] to HandlerExecutionChain with handler [ResourceHttpRequestHandler [locations=[ServletContext resource [/WEB-INF/images/]], resolvers=[org.springframework.web.servlet.resource.PathResourceResolver@1d8deca5]]] and 1 interceptor
2018-10-20 21:29:15,807 [http-bio-8084-exec-5] [org.springframework.web.servlet.DispatcherServlet]-[DEBUG] Last-Modified value for [/images/flyfox-logo.gif] is: -1
2018-10-20 21:29:15,810 [http-bio-8084-exec-5] [org.springframework.web.servlet.DispatcherServlet]-[DEBUG] Null ModelAndView returned to DispatcherServlet with name 'flyfox-sso': assuming HandlerAdapter completed request handling
2018-10-20 21:29:15,810 [http-bio-8084-exec-5] [org.springframework.web.servlet.DispatcherServlet]-[DEBUG] Successfully completed request
2018-10-20 21:29:19,080 [http-bio-8084-exec-5] [org.springframework.web.servlet.DispatcherServlet]-[DEBUG] DispatcherServlet with name 'flyfox-sso' processing GET request for [/page/login]
2018-10-20 21:29:19,080 [http-bio-8084-exec-5] [org.springframework.web.servlet.mvc.method.annotation.RequestMappingHandlerMapping]-[DEBUG] Looking up handler method for path /page/login
2018-10-20 21:29:19,080 [http-bio-8084-exec-5] [org.springframework.web.servlet.mvc.method.annotation.RequestMappingHandlerMapping]-[DEBUG] Returning handler method [public java.lang.String com.flyfox.sso.controller.PageController.showLogin(java.lang.String,org.springframework.ui.Model)]
2018-10-20 21:29:19,081 [http-bio-8084-exec-5] [org.springframework.beans.factory.support.DefaultListableBeanFactory]-[DEBUG] Returning cached instance of singleton bean 'pageController'
2018-10-20 21:29:19,081 [http-bio-8084-exec-5] [org.springframework.web.servlet.DispatcherServlet]-[DEBUG] Last-Modified value for [/page/login] is: -1
2018-10-20 21:29:19,082 [http-bio-8084-exec-5] [org.springframework.web.servlet.DispatcherServlet]-[DEBUG] Rendering view [org.springframework.web.servlet.view.InternalResourceView: name 'login'; URL [/WEB-INF/jsp/login.jsp]] in DispatcherServlet with name 'flyfox-sso'
2018-10-20 21:29:19,082 [http-bio-8084-exec-5] [org.springframework.web.servlet.view.InternalResourceView]-[DEBUG] Removed model object 'redirect' from request in view with name 'login'
2018-10-20 21:29:19,084 [http-bio-8084-exec-5] [org.springframework.web.servlet.view.InternalResourceView]-[DEBUG] Forwarding to resource [/WEB-INF/jsp/login.jsp] in InternalResourceView 'login'
2018-10-20 21:29:19,086 [http-bio-8084-exec-5] [org.springframework.web.servlet.DispatcherServlet]-[DEBUG] Successfully completed request
2018-10-20 21:29:27,942 [http-bio-8084-exec-5] [org.springframework.web.servlet.DispatcherServlet]-[DEBUG] DispatcherServlet with name 'flyfox-sso' processing GET request for [/page/login]
2018-10-20 21:29:27,942 [http-bio-8084-exec-5] [org.springframework.web.servlet.mvc.method.annotation.RequestMappingHandlerMapping]-[DEBUG] Looking up handler method for path /page/login
2018-10-20 21:29:27,943 [http-bio-8084-exec-5] [org.springframework.web.servlet.mvc.method.annotation.RequestMappingHandlerMapping]-[DEBUG] Returning handler method [public java.lang.String com.flyfox.sso.controller.PageController.showLogin(java.lang.String,org.springframework.ui.Model)]
2018-10-20 21:29:27,943 [http-bio-8084-exec-5] [org.springframework.beans.factory.support.DefaultListableBeanFactory]-[DEBUG] Returning cached instance of singleton bean 'pageController'
2018-10-20 21:29:27,944 [http-bio-8084-exec-5] [org.springframework.web.servlet.DispatcherServlet]-[DEBUG] Last-Modified value for [/page/login] is: -1
2018-10-20 21:29:27,945 [http-bio-8084-exec-5] [org.springframework.web.servlet.DispatcherServlet]-[DEBUG] Rendering view [org.springframework.web.servlet.view.InternalResourceView: name 'login'; URL [/WEB-INF/jsp/login.jsp]] in DispatcherServlet with name 'flyfox-sso'
2018-10-20 21:29:27,945 [http-bio-8084-exec-5] [org.springframework.web.servlet.view.InternalResourceView]-[DEBUG] Removed model object 'redirect' from request in view with name 'login'
2018-10-20 21:29:27,945 [http-bio-8084-exec-5] [org.springframework.web.servlet.view.InternalResourceView]-[DEBUG] Forwarding to resource [/WEB-INF/jsp/login.jsp] in InternalResourceView 'login'
2018-10-20 21:29:28,090 [http-bio-8084-exec-5] [org.springframework.web.servlet.DispatcherServlet]-[DEBUG] Successfully completed request
2018-10-20 21:30:44,469 [http-bio-8084-exec-3] [org.springframework.web.servlet.DispatcherServlet]-[DEBUG] DispatcherServlet with name 'flyfox-sso' processing GET request for [/page/login]
2018-10-20 21:30:44,469 [http-bio-8084-exec-3] [org.springframework.web.servlet.mvc.method.annotation.RequestMappingHandlerMapping]-[DEBUG] Looking up handler method for path /page/login
2018-10-20 21:30:44,469 [http-bio-8084-exec-3] [org.springframework.web.servlet.mvc.method.annotation.RequestMappingHandlerMapping]-[DEBUG] Returning handler method [public java.lang.String com.flyfox.sso.controller.PageController.showLogin(java.lang.String,org.springframework.ui.Model)]
2018-10-20 21:30:44,469 [http-bio-8084-exec-3] [org.springframework.beans.factory.support.DefaultListableBeanFactory]-[DEBUG] Returning cached instance of singleton bean 'pageController'
2018-10-20 21:30:44,470 [http-bio-8084-exec-3] [org.springframework.web.servlet.DispatcherServlet]-[DEBUG] Last-Modified value for [/page/login] is: -1
2018-10-20 21:30:44,471 [http-bio-8084-exec-3] [org.springframework.web.servlet.DispatcherServlet]-[DEBUG] Rendering view [org.springframework.web.servlet.view.InternalResourceView: name 'login'; URL [/WEB-INF/jsp/login.jsp]] in DispatcherServlet with name 'flyfox-sso'
2018-10-20 21:30:44,471 [http-bio-8084-exec-3] [org.springframework.web.servlet.view.InternalResourceView]-[DEBUG] Removed model object 'redirect' from request in view with name 'login'
2018-10-20 21:30:44,471 [http-bio-8084-exec-3] [org.springframework.web.servlet.view.InternalResourceView]-[DEBUG] Forwarding to resource [/WEB-INF/jsp/login.jsp] in InternalResourceView 'login'
2018-10-20 21:30:44,638 [http-bio-8084-exec-3] [org.springframework.web.servlet.DispatcherServlet]-[DEBUG] Successfully completed request
2018-10-20 21:30:44,663 [http-bio-8084-exec-2] [org.springframework.web.servlet.DispatcherServlet]-[DEBUG] DispatcherServlet with name 'flyfox-sso' processing GET request for [/images/flyfox-logo.gif]
2018-10-20 21:30:44,663 [http-bio-8084-exec-2] [org.springframework.web.servlet.mvc.method.annotation.RequestMappingHandlerMapping]-[DEBUG] Looking up handler method for path /images/flyfox-logo.gif
2018-10-20 21:30:44,664 [http-bio-8084-exec-2] [org.springframework.web.servlet.mvc.method.annotation.RequestMappingHandlerMapping]-[DEBUG] Did not find handler method for [/images/flyfox-logo.gif]
2018-10-20 21:30:44,664 [http-bio-8084-exec-2] [org.springframework.web.servlet.handler.SimpleUrlHandlerMapping]-[DEBUG] Matching patterns for request [/images/flyfox-logo.gif] are [/images/**]
2018-10-20 21:30:44,664 [http-bio-8084-exec-2] [org.springframework.web.servlet.handler.SimpleUrlHandlerMapping]-[DEBUG] URI Template variables for request [/images/flyfox-logo.gif] are {}
2018-10-20 21:30:44,665 [http-bio-8084-exec-2] [org.springframework.web.servlet.handler.SimpleUrlHandlerMapping]-[DEBUG] Mapping [/images/flyfox-logo.gif] to HandlerExecutionChain with handler [ResourceHttpRequestHandler [locations=[ServletContext resource [/WEB-INF/images/]], resolvers=[org.springframework.web.servlet.resource.PathResourceResolver@1d8deca5]]] and 1 interceptor
2018-10-20 21:30:44,665 [http-bio-8084-exec-2] [org.springframework.web.servlet.DispatcherServlet]-[DEBUG] Last-Modified value for [/images/flyfox-logo.gif] is: -1
2018-10-20 21:30:44,668 [http-bio-8084-exec-2] [org.springframework.web.servlet.DispatcherServlet]-[DEBUG] Null ModelAndView returned to DispatcherServlet with name 'flyfox-sso': assuming HandlerAdapter completed request handling
2018-10-20 21:30:44,668 [http-bio-8084-exec-2] [org.springframework.web.servlet.DispatcherServlet]-[DEBUG] Successfully completed request
2018-10-20 21:35:35,618 [http-bio-8084-exec-9] [org.springframework.web.servlet.DispatcherServlet]-[DEBUG] DispatcherServlet with name 'flyfox-sso' processing GET request for [/page/login]
2018-10-20 21:35:35,619 [http-bio-8084-exec-9] [org.springframework.web.servlet.mvc.method.annotation.RequestMappingHandlerMapping]-[DEBUG] Looking up handler method for path /page/login
2018-10-20 21:35:35,619 [http-bio-8084-exec-9] [org.springframework.web.servlet.mvc.method.annotation.RequestMappingHandlerMapping]-[DEBUG] Returning handler method [public java.lang.String com.flyfox.sso.controller.PageController.showLogin(java.lang.String,org.springframework.ui.Model)]
2018-10-20 21:35:35,620 [http-bio-8084-exec-9] [org.springframework.beans.factory.support.DefaultListableBeanFactory]-[DEBUG] Returning cached instance of singleton bean 'pageController'
2018-10-20 21:35:35,620 [http-bio-8084-exec-9] [org.springframework.web.servlet.DispatcherServlet]-[DEBUG] Last-Modified value for [/page/login] is: -1
2018-10-20 21:35:35,621 [http-bio-8084-exec-9] [org.springframework.web.servlet.DispatcherServlet]-[DEBUG] Rendering view [org.springframework.web.servlet.view.InternalResourceView: name 'login'; URL [/WEB-INF/jsp/login.jsp]] in DispatcherServlet with name 'flyfox-sso'
2018-10-20 21:35:35,621 [http-bio-8084-exec-9] [org.springframework.web.servlet.view.InternalResourceView]-[DEBUG] Removed model object 'redirect' from request in view with name 'login'
2018-10-20 21:35:35,621 [http-bio-8084-exec-9] [org.springframework.web.servlet.view.InternalResourceView]-[DEBUG] Forwarding to resource [/WEB-INF/jsp/login.jsp] in InternalResourceView 'login'
2018-10-20 21:35:35,627 [http-bio-8084-exec-9] [org.springframework.web.servlet.DispatcherServlet]-[DEBUG] Successfully completed request
2018-10-20 21:35:35,657 [http-bio-8084-exec-9] [org.springframework.web.servlet.DispatcherServlet]-[DEBUG] DispatcherServlet with name 'flyfox-sso' processing GET request for [/images/flyfox-logo.gif]
2018-10-20 21:35:35,657 [http-bio-8084-exec-9] [org.springframework.web.servlet.mvc.method.annotation.RequestMappingHandlerMapping]-[DEBUG] Looking up handler method for path /images/flyfox-logo.gif
2018-10-20 21:35:35,658 [http-bio-8084-exec-9] [org.springframework.web.servlet.mvc.method.annotation.RequestMappingHandlerMapping]-[DEBUG] Did not find handler method for [/images/flyfox-logo.gif]
2018-10-20 21:35:35,659 [http-bio-8084-exec-9] [org.springframework.web.servlet.handler.SimpleUrlHandlerMapping]-[DEBUG] Matching patterns for request [/images/flyfox-logo.gif] are [/images/**]
2018-10-20 21:35:35,659 [http-bio-8084-exec-9] [org.springframework.web.servlet.handler.SimpleUrlHandlerMapping]-[DEBUG] URI Template variables for request [/images/flyfox-logo.gif] are {}
2018-10-20 21:35:35,659 [http-bio-8084-exec-9] [org.springframework.web.servlet.handler.SimpleUrlHandlerMapping]-[DEBUG] Mapping [/images/flyfox-logo.gif] to HandlerExecutionChain with handler [ResourceHttpRequestHandler [locations=[ServletContext resource [/WEB-INF/images/]], resolvers=[org.springframework.web.servlet.resource.PathResourceResolver@1d8deca5]]] and 1 interceptor
2018-10-20 21:35:35,659 [http-bio-8084-exec-9] [org.springframework.web.servlet.DispatcherServlet]-[DEBUG] Last-Modified value for [/images/flyfox-logo.gif] is: -1
2018-10-20 21:35:35,662 [http-bio-8084-exec-9] [org.springframework.web.servlet.DispatcherServlet]-[DEBUG] Null ModelAndView returned to DispatcherServlet with name 'flyfox-sso': assuming HandlerAdapter completed request handling
2018-10-20 21:35:35,663 [http-bio-8084-exec-9] [org.springframework.web.servlet.DispatcherServlet]-[DEBUG] Successfully completed request
2018-10-20 21:35:37,443 [http-bio-8084-exec-9] [org.springframework.web.servlet.DispatcherServlet]-[DEBUG] DispatcherServlet with name 'flyfox-sso' processing GET request for [/page/login]
2018-10-20 21:35:37,444 [http-bio-8084-exec-9] [org.springframework.web.servlet.mvc.method.annotation.RequestMappingHandlerMapping]-[DEBUG] Looking up handler method for path /page/login
2018-10-20 21:35:37,444 [http-bio-8084-exec-9] [org.springframework.web.servlet.mvc.method.annotation.RequestMappingHandlerMapping]-[DEBUG] Returning handler method [public java.lang.String com.flyfox.sso.controller.PageController.showLogin(java.lang.String,org.springframework.ui.Model)]
2018-10-20 21:35:37,444 [http-bio-8084-exec-9] [org.springframework.beans.factory.support.DefaultListableBeanFactory]-[DEBUG] Returning cached instance of singleton bean 'pageController'
2018-10-20 21:35:37,444 [http-bio-8084-exec-9] [org.springframework.web.servlet.DispatcherServlet]-[DEBUG] Last-Modified value for [/page/login] is: -1
2018-10-20 21:35:37,445 [http-bio-8084-exec-9] [org.springframework.web.servlet.DispatcherServlet]-[DEBUG] Rendering view [org.springframework.web.servlet.view.InternalResourceView: name 'login'; URL [/WEB-INF/jsp/login.jsp]] in DispatcherServlet with name 'flyfox-sso'
2018-10-20 21:35:37,446 [http-bio-8084-exec-9] [org.springframework.web.servlet.view.InternalResourceView]-[DEBUG] Removed model object 'redirect' from request in view with name 'login'
2018-10-20 21:35:37,446 [http-bio-8084-exec-9] [org.springframework.web.servlet.view.InternalResourceView]-[DEBUG] Forwarding to resource [/WEB-INF/jsp/login.jsp] in InternalResourceView 'login'
2018-10-20 21:35:37,447 [http-bio-8084-exec-9] [org.springframework.web.servlet.DispatcherServlet]-[DEBUG] Successfully completed request
2018-10-20 21:35:44,829 [http-bio-8084-exec-9] [org.springframework.web.servlet.DispatcherServlet]-[DEBUG] DispatcherServlet with name 'flyfox-sso' processing GET request for [/page/login]
2018-10-20 21:35:44,829 [http-bio-8084-exec-9] [org.springframework.web.servlet.mvc.method.annotation.RequestMappingHandlerMapping]-[DEBUG] Looking up handler method for path /page/login
2018-10-20 21:35:44,829 [http-bio-8084-exec-9] [org.springframework.web.servlet.mvc.method.annotation.RequestMappingHandlerMapping]-[DEBUG] Returning handler method [public java.lang.String com.flyfox.sso.controller.PageController.showLogin(java.lang.String,org.springframework.ui.Model)]
2018-10-20 21:35:44,830 [http-bio-8084-exec-9] [org.springframework.beans.factory.support.DefaultListableBeanFactory]-[DEBUG] Returning cached instance of singleton bean 'pageController'
2018-10-20 21:35:44,830 [http-bio-8084-exec-9] [org.springframework.web.servlet.DispatcherServlet]-[DEBUG] Last-Modified value for [/page/login] is: -1
2018-10-20 21:35:44,831 [http-bio-8084-exec-9] [org.springframework.web.servlet.DispatcherServlet]-[DEBUG] Rendering view [org.springframework.web.servlet.view.InternalResourceView: name 'login'; URL [/WEB-INF/jsp/login.jsp]] in DispatcherServlet with name 'flyfox-sso'
2018-10-20 21:35:44,831 [http-bio-8084-exec-9] [org.springframework.web.servlet.view.InternalResourceView]-[DEBUG] Removed model object 'redirect' from request in view with name 'login'
2018-10-20 21:35:44,832 [http-bio-8084-exec-9] [org.springframework.web.servlet.view.InternalResourceView]-[DEBUG] Forwarding to resource [/WEB-INF/jsp/login.jsp] in InternalResourceView 'login'
2018-10-20 21:35:44,834 [http-bio-8084-exec-9] [org.springframework.web.servlet.DispatcherServlet]-[DEBUG] Successfully completed request
2018-10-20 21:36:39,509 [http-bio-8084-exec-3] [org.springframework.web.servlet.DispatcherServlet]-[DEBUG] DispatcherServlet with name 'flyfox-sso' processing GET request for [/images/login-all-bg.png]
2018-10-20 21:36:39,509 [http-bio-8084-exec-3] [org.springframework.web.servlet.mvc.method.annotation.RequestMappingHandlerMapping]-[DEBUG] Looking up handler method for path /images/login-all-bg.png
2018-10-20 21:36:39,510 [http-bio-8084-exec-3] [org.springframework.web.servlet.mvc.method.annotation.RequestMappingHandlerMapping]-[DEBUG] Did not find handler method for [/images/login-all-bg.png]
2018-10-20 21:36:39,510 [http-bio-8084-exec-3] [org.springframework.web.servlet.handler.SimpleUrlHandlerMapping]-[DEBUG] Matching patterns for request [/images/login-all-bg.png] are [/images/**]
2018-10-20 21:36:39,510 [http-bio-8084-exec-3] [org.springframework.web.servlet.handler.SimpleUrlHandlerMapping]-[DEBUG] URI Template variables for request [/images/login-all-bg.png] are {}
2018-10-20 21:36:39,511 [http-bio-8084-exec-3] [org.springframework.web.servlet.handler.SimpleUrlHandlerMapping]-[DEBUG] Mapping [/images/login-all-bg.png] to HandlerExecutionChain with handler [ResourceHttpRequestHandler [locations=[ServletContext resource [/WEB-INF/images/]], resolvers=[org.springframework.web.servlet.resource.PathResourceResolver@1d8deca5]]] and 1 interceptor
2018-10-20 21:36:39,511 [http-bio-8084-exec-3] [org.springframework.web.servlet.DispatcherServlet]-[DEBUG] Last-Modified value for [/images/login-all-bg.png] is: -1
2018-10-20 21:36:39,513 [http-bio-8084-exec-3] [org.springframework.web.servlet.DispatcherServlet]-[DEBUG] Null ModelAndView returned to DispatcherServlet with name 'flyfox-sso': assuming HandlerAdapter completed request handling
2018-10-20 21:36:39,513 [http-bio-8084-exec-3] [org.springframework.web.servlet.DispatcherServlet]-[DEBUG] Successfully completed request
2018-10-20 22:00:55,010 [http-bio-8084-exec-4] [org.springframework.web.servlet.DispatcherServlet]-[DEBUG] DispatcherServlet with name 'flyfox-sso' processing GET request for [/user/showLogin]
2018-10-20 22:00:55,010 [http-bio-8084-exec-4] [org.springframework.web.servlet.mvc.method.annotation.RequestMappingHandlerMapping]-[DEBUG] Looking up handler method for path /user/showLogin
2018-10-20 22:00:55,014 [http-bio-8084-exec-4] [org.springframework.web.servlet.mvc.method.annotation.RequestMappingHandlerMapping]-[DEBUG] Did not find handler method for [/user/showLogin]
2018-10-20 22:00:55,014 [http-bio-8084-exec-4] [org.springframework.web.servlet.PageNotFound]-[WARN] No mapping found for HTTP request with URI [/user/showLogin] in DispatcherServlet with name 'flyfox-sso'
2018-10-20 22:00:55,015 [http-bio-8084-exec-4] [org.springframework.web.servlet.DispatcherServlet]-[DEBUG] Successfully completed request
2018-10-20 22:01:16,129 [http-bio-8084-exec-4] [org.springframework.web.servlet.DispatcherServlet]-[DEBUG] DispatcherServlet with name 'flyfox-sso' processing GET request for [/user/showLogin]
2018-10-20 22:01:16,129 [http-bio-8084-exec-4] [org.springframework.web.servlet.mvc.method.annotation.RequestMappingHandlerMapping]-[DEBUG] Looking up handler method for path /user/showLogin
2018-10-20 22:01:16,130 [http-bio-8084-exec-4] [org.springframework.web.servlet.mvc.method.annotation.RequestMappingHandlerMapping]-[DEBUG] Did not find handler method for [/user/showLogin]
2018-10-20 22:01:16,131 [http-bio-8084-exec-4] [org.springframework.web.servlet.PageNotFound]-[WARN] No mapping found for HTTP request with URI [/user/showLogin] in DispatcherServlet with name 'flyfox-sso'
2018-10-20 22:01:16,131 [http-bio-8084-exec-4] [org.springframework.web.servlet.DispatcherServlet]-[DEBUG] Successfully completed request
2018-10-20 22:24:31,070 [http-bio-8084-exec-5] [org.springframework.web.servlet.DispatcherServlet]-[DEBUG] DispatcherServlet with name 'flyfox-sso' processing GET request for [/page/register]
2018-10-20 22:24:31,071 [http-bio-8084-exec-5] [org.springframework.web.servlet.mvc.method.annotation.RequestMappingHandlerMapping]-[DEBUG] Looking up handler method for path /page/register
2018-10-20 22:24:31,075 [http-bio-8084-exec-5] [org.springframework.web.servlet.mvc.method.annotation.RequestMappingHandlerMapping]-[DEBUG] Returning handler method [public java.lang.String com.flyfox.sso.controller.PageController.showRegister()]
2018-10-20 22:24:31,079 [http-bio-8084-exec-5] [org.springframework.beans.factory.support.DefaultListableBeanFactory]-[DEBUG] Returning cached instance of singleton bean 'pageController'
2018-10-20 22:24:31,081 [http-bio-8084-exec-5] [org.springframework.web.servlet.DispatcherServlet]-[DEBUG] Last-Modified value for [/page/register] is: -1
2018-10-20 22:24:31,090 [http-bio-8084-exec-5] [org.springframework.beans.factory.support.DefaultListableBeanFactory]-[DEBUG] Invoking afterPropertiesSet() on bean with name 'register'
2018-10-20 22:24:31,091 [http-bio-8084-exec-5] [org.springframework.web.servlet.DispatcherServlet]-[DEBUG] Rendering view [org.springframework.web.servlet.view.InternalResourceView: name 'register'; URL [/WEB-INF/jsp/register.jsp]] in DispatcherServlet with name 'flyfox-sso'
2018-10-20 22:24:31,092 [http-bio-8084-exec-5] [org.springframework.web.servlet.view.InternalResourceView]-[DEBUG] Forwarding to resource [/WEB-INF/jsp/register.jsp] in InternalResourceView 'register'
2018-10-20 22:24:31,294 [http-bio-8084-exec-5] [org.springframework.web.servlet.DispatcherServlet]-[DEBUG] Successfully completed request
2018-10-20 22:24:31,339 [http-bio-8084-exec-5] [org.springframework.web.servlet.DispatcherServlet]-[DEBUG] DispatcherServlet with name 'flyfox-sso' processing GET request for [/css/regist.personal.css]
2018-10-20 22:24:31,339 [http-bio-8084-exec-5] [org.springframework.web.servlet.mvc.method.annotation.RequestMappingHandlerMapping]-[DEBUG] Looking up handler method for path /css/regist.personal.css
2018-10-20 22:24:31,339 [http-bio-8084-exec-6] [org.springframework.web.servlet.DispatcherServlet]-[DEBUG] DispatcherServlet with name 'flyfox-sso' processing GET request for [/css/passport.base.css]
2018-10-20 22:24:31,340 [http-bio-8084-exec-6] [org.springframework.web.servlet.mvc.method.annotation.RequestMappingHandlerMapping]-[DEBUG] Looking up handler method for path /css/passport.base.css
2018-10-20 22:24:31,340 [http-bio-8084-exec-5] [org.springframework.web.servlet.mvc.method.annotation.RequestMappingHandlerMapping]-[DEBUG] Did not find handler method for [/css/regist.personal.css]
2018-10-20 22:24:31,340 [http-bio-8084-exec-5] [org.springframework.web.servlet.handler.SimpleUrlHandlerMapping]-[DEBUG] Matching patterns for request [/css/regist.personal.css] are [/css/**]
2018-10-20 22:24:31,341 [http-bio-8084-exec-5] [org.springframework.web.servlet.handler.SimpleUrlHandlerMapping]-[DEBUG] URI Template variables for request [/css/regist.personal.css] are {}
2018-10-20 22:24:31,342 [http-bio-8084-exec-5] [org.springframework.web.servlet.handler.SimpleUrlHandlerMapping]-[DEBUG] Mapping [/css/regist.personal.css] to HandlerExecutionChain with handler [ResourceHttpRequestHandler [locations=[ServletContext resource [/WEB-INF/css/]], resolvers=[org.springframework.web.servlet.resource.PathResourceResolver@43ff1069]]] and 1 interceptor
2018-10-20 22:24:31,342 [http-bio-8084-exec-5] [org.springframework.web.servlet.DispatcherServlet]-[DEBUG] Last-Modified value for [/css/regist.personal.css] is: -1
2018-10-20 22:24:31,343 [http-bio-8084-exec-6] [org.springframework.web.servlet.mvc.method.annotation.RequestMappingHandlerMapping]-[DEBUG] Did not find handler method for [/css/passport.base.css]
2018-10-20 22:24:31,343 [http-bio-8084-exec-6] [org.springframework.web.servlet.handler.SimpleUrlHandlerMapping]-[DEBUG] Matching patterns for request [/css/passport.base.css] are [/css/**]
2018-10-20 22:24:31,343 [http-bio-8084-exec-6] [org.springframework.web.servlet.handler.SimpleUrlHandlerMapping]-[DEBUG] URI Template variables for request [/css/passport.base.css] are {}
2018-10-20 22:24:31,343 [http-bio-8084-exec-6] [org.springframework.web.servlet.handler.SimpleUrlHandlerMapping]-[DEBUG] Mapping [/css/passport.base.css] to HandlerExecutionChain with handler [ResourceHttpRequestHandler [locations=[ServletContext resource [/WEB-INF/css/]], resolvers=[org.springframework.web.servlet.resource.PathResourceResolver@43ff1069]]] and 1 interceptor
2018-10-20 22:24:31,344 [http-bio-8084-exec-6] [org.springframework.web.servlet.DispatcherServlet]-[DEBUG] Last-Modified value for [/css/passport.base.css] is: -1
2018-10-20 22:24:31,350 [http-bio-8084-exec-1] [org.springframework.web.servlet.DispatcherServlet]-[DEBUG] DispatcherServlet with name 'flyfox-sso' processing GET request for [/js/jquery-1.6.4.js]
2018-10-20 22:24:31,351 [http-bio-8084-exec-5] [org.springframework.web.servlet.DispatcherServlet]-[DEBUG] Null ModelAndView returned to DispatcherServlet with name 'flyfox-sso': assuming HandlerAdapter completed request handling
2018-10-20 22:24:31,351 [http-bio-8084-exec-5] [org.springframework.web.servlet.DispatcherServlet]-[DEBUG] Successfully completed request
2018-10-20 22:24:31,350 [http-bio-8084-exec-6] [org.springframework.web.servlet.DispatcherServlet]-[DEBUG] Null ModelAndView returned to DispatcherServlet with name 'flyfox-sso': assuming HandlerAdapter completed request handling
2018-10-20 22:24:31,351 [http-bio-8084-exec-6] [org.springframework.web.servlet.DispatcherServlet]-[DEBUG] Successfully completed request
2018-10-20 22:24:31,351 [http-bio-8084-exec-1] [org.springframework.web.servlet.mvc.method.annotation.RequestMappingHandlerMapping]-[DEBUG] Looking up handler method for path /js/jquery-1.6.4.js
2018-10-20 22:24:31,355 [http-bio-8084-exec-1] [org.springframework.web.servlet.mvc.method.annotation.RequestMappingHandlerMapping]-[DEBUG] Did not find handler method for [/js/jquery-1.6.4.js]
2018-10-20 22:24:31,360 [http-bio-8084-exec-1] [org.springframework.web.servlet.handler.SimpleUrlHandlerMapping]-[DEBUG] Matching patterns for request [/js/jquery-1.6.4.js] are [/js/**]
2018-10-20 22:24:31,360 [http-bio-8084-exec-1] [org.springframework.web.servlet.handler.SimpleUrlHandlerMapping]-[DEBUG] URI Template variables for request [/js/jquery-1.6.4.js] are {}
2018-10-20 22:24:31,361 [http-bio-8084-exec-1] [org.springframework.web.servlet.handler.SimpleUrlHandlerMapping]-[DEBUG] Mapping [/js/jquery-1.6.4.js] to HandlerExecutionChain with handler [ResourceHttpRequestHandler [locations=[ServletContext resource [/WEB-INF/js/]], resolvers=[org.springframework.web.servlet.resource.PathResourceResolver@1e8e805f]]] and 1 interceptor
2018-10-20 22:24:31,361 [http-bio-8084-exec-1] [org.springframework.web.servlet.DispatcherServlet]-[DEBUG] Last-Modified value for [/js/jquery-1.6.4.js] is: -1
2018-10-20 22:24:31,362 [http-bio-8084-exec-5] [org.springframework.web.servlet.DispatcherServlet]-[DEBUG] DispatcherServlet with name 'flyfox-sso' processing GET request for [/images/flyfox-logo.gif]
2018-10-20 22:24:31,363 [http-bio-8084-exec-6] [org.springframework.web.servlet.DispatcherServlet]-[DEBUG] DispatcherServlet with name 'flyfox-sso' processing GET request for [/images/phone-bg.jpg]
2018-10-20 22:24:31,363 [http-bio-8084-exec-5] [org.springframework.web.servlet.mvc.method.annotation.RequestMappingHandlerMapping]-[DEBUG] Looking up handler method for path /images/flyfox-logo.gif
2018-10-20 22:24:31,363 [http-bio-8084-exec-6] [org.springframework.web.servlet.mvc.method.annotation.RequestMappingHandlerMapping]-[DEBUG] Looking up handler method for path /images/phone-bg.jpg
2018-10-20 22:24:31,363 [http-bio-8084-exec-5] [org.springframework.web.servlet.mvc.method.annotation.RequestMappingHandlerMapping]-[DEBUG] Did not find handler method for [/images/flyfox-logo.gif]
2018-10-20 22:24:31,363 [http-bio-8084-exec-6] [org.springframework.web.servlet.mvc.method.annotation.RequestMappingHandlerMapping]-[DEBUG] Did not find handler method for [/images/phone-bg.jpg]
2018-10-20 22:24:31,364 [http-bio-8084-exec-5] [org.springframework.web.servlet.handler.SimpleUrlHandlerMapping]-[DEBUG] Matching patterns for request [/images/flyfox-logo.gif] are [/images/**]
2018-10-20 22:24:31,364 [http-bio-8084-exec-6] [org.springframework.web.servlet.handler.SimpleUrlHandlerMapping]-[DEBUG] Matching patterns for request [/images/phone-bg.jpg] are [/images/**]
2018-10-20 22:24:31,364 [http-bio-8084-exec-5] [org.springframework.web.servlet.handler.SimpleUrlHandlerMapping]-[DEBUG] URI Template variables for request [/images/flyfox-logo.gif] are {}
2018-10-20 22:24:31,364 [http-bio-8084-exec-6] [org.springframework.web.servlet.handler.SimpleUrlHandlerMapping]-[DEBUG] URI Template variables for request [/images/phone-bg.jpg] are {}
2018-10-20 22:24:31,364 [http-bio-8084-exec-5] [org.springframework.web.servlet.handler.SimpleUrlHandlerMapping]-[DEBUG] Mapping [/images/flyfox-logo.gif] to HandlerExecutionChain with handler [ResourceHttpRequestHandler [locations=[ServletContext resource [/WEB-INF/images/]], resolvers=[org.springframework.web.servlet.resource.PathResourceResolver@1d8deca5]]] and 1 interceptor
2018-10-20 22:24:31,364 [http-bio-8084-exec-6] [org.springframework.web.servlet.handler.SimpleUrlHandlerMapping]-[DEBUG] Mapping [/images/phone-bg.jpg] to HandlerExecutionChain with handler [ResourceHttpRequestHandler [locations=[ServletContext resource [/WEB-INF/images/]], resolvers=[org.springframework.web.servlet.resource.PathResourceResolver@1d8deca5]]] and 1 interceptor
2018-10-20 22:24:31,364 [http-bio-8084-exec-5] [org.springframework.web.servlet.DispatcherServlet]-[DEBUG] Last-Modified value for [/images/flyfox-logo.gif] is: -1
2018-10-20 22:24:31,364 [http-bio-8084-exec-6] [org.springframework.web.servlet.DispatcherServlet]-[DEBUG] Last-Modified value for [/images/phone-bg.jpg] is: -1
2018-10-20 22:24:31,366 [http-bio-8084-exec-1] [org.springframework.web.servlet.DispatcherServlet]-[DEBUG] Null ModelAndView returned to DispatcherServlet with name 'flyfox-sso': assuming HandlerAdapter completed request handling
2018-10-20 22:24:31,366 [http-bio-8084-exec-1] [org.springframework.web.servlet.DispatcherServlet]-[DEBUG] Successfully completed request
2018-10-20 22:24:31,369 [http-bio-8084-exec-5] [org.springframework.web.servlet.DispatcherServlet]-[DEBUG] Null ModelAndView returned to DispatcherServlet with name 'flyfox-sso': assuming HandlerAdapter completed request handling
2018-10-20 22:24:31,370 [http-bio-8084-exec-5] [org.springframework.web.servlet.DispatcherServlet]-[DEBUG] Successfully completed request
2018-10-20 22:24:31,372 [http-bio-8084-exec-6] [org.springframework.web.servlet.DispatcherServlet]-[DEBUG] Null ModelAndView returned to DispatcherServlet with name 'flyfox-sso': assuming HandlerAdapter completed request handling
2018-10-20 22:24:31,372 [http-bio-8084-exec-6] [org.springframework.web.servlet.DispatcherServlet]-[DEBUG] Successfully completed request
2018-10-20 22:24:31,625 [http-bio-8084-exec-6] [org.springframework.web.servlet.DispatcherServlet]-[DEBUG] DispatcherServlet with name 'flyfox-sso' processing GET request for [/images/regist-btn.jpg]
2018-10-20 22:24:31,625 [http-bio-8084-exec-6] [org.springframework.web.servlet.mvc.method.annotation.RequestMappingHandlerMapping]-[DEBUG] Looking up handler method for path /images/regist-btn.jpg
2018-10-20 22:24:31,626 [http-bio-8084-exec-6] [org.springframework.web.servlet.mvc.method.annotation.RequestMappingHandlerMapping]-[DEBUG] Did not find handler method for [/images/regist-btn.jpg]
2018-10-20 22:24:31,626 [http-bio-8084-exec-6] [org.springframework.web.servlet.handler.SimpleUrlHandlerMapping]-[DEBUG] Matching patterns for request [/images/regist-btn.jpg] are [/images/**]
2018-10-20 22:24:31,627 [http-bio-8084-exec-6] [org.springframework.web.servlet.handler.SimpleUrlHandlerMapping]-[DEBUG] URI Template variables for request [/images/regist-btn.jpg] are {}
2018-10-20 22:24:31,627 [http-bio-8084-exec-6] [org.springframework.web.servlet.handler.SimpleUrlHandlerMapping]-[DEBUG] Mapping [/images/regist-btn.jpg] to HandlerExecutionChain with handler [ResourceHttpRequestHandler [locations=[ServletContext resource [/WEB-INF/images/]], resolvers=[org.springframework.web.servlet.resource.PathResourceResolver@1d8deca5]]] and 1 interceptor
2018-10-20 22:24:31,627 [http-bio-8084-exec-6] [org.springframework.web.servlet.DispatcherServlet]-[DEBUG] Last-Modified value for [/images/regist-btn.jpg] is: -1
2018-10-20 22:24:31,632 [http-bio-8084-exec-1] [org.springframework.web.servlet.DispatcherServlet]-[DEBUG] DispatcherServlet with name 'flyfox-sso' processing GET request for [/images/one6.jpg]
2018-10-20 22:24:31,632 [http-bio-8084-exec-6] [org.springframework.web.servlet.DispatcherServlet]-[DEBUG] Null ModelAndView returned to DispatcherServlet with name 'flyfox-sso': assuming HandlerAdapter completed request handling
2018-10-20 22:24:31,632 [http-bio-8084-exec-1] [org.springframework.web.servlet.mvc.method.annotation.RequestMappingHandlerMapping]-[DEBUG] Looking up handler method for path /images/one6.jpg
2018-10-20 22:24:31,632 [http-bio-8084-exec-6] [org.springframework.web.servlet.DispatcherServlet]-[DEBUG] Successfully completed request
2018-10-20 22:24:31,634 [http-bio-8084-exec-1] [org.springframework.web.servlet.mvc.method.annotation.RequestMappingHandlerMapping]-[DEBUG] Did not find handler method for [/images/one6.jpg]
2018-10-20 22:24:31,634 [http-bio-8084-exec-1] [org.springframework.web.servlet.handler.SimpleUrlHandlerMapping]-[DEBUG] Matching patterns for request [/images/one6.jpg] are [/images/**]
2018-10-20 22:24:31,634 [http-bio-8084-exec-1] [org.springframework.web.servlet.handler.SimpleUrlHandlerMapping]-[DEBUG] URI Template variables for request [/images/one6.jpg] are {}
2018-10-20 22:24:31,634 [http-bio-8084-exec-1] [org.springframework.web.servlet.handler.SimpleUrlHandlerMapping]-[DEBUG] Mapping [/images/one6.jpg] to HandlerExecutionChain with handler [ResourceHttpRequestHandler [locations=[ServletContext resource [/WEB-INF/images/]], resolvers=[org.springframework.web.servlet.resource.PathResourceResolver@1d8deca5]]] and 1 interceptor
2018-10-20 22:24:31,634 [http-bio-8084-exec-1] [org.springframework.web.servlet.DispatcherServlet]-[DEBUG] Last-Modified value for [/images/one6.jpg] is: -1
2018-10-20 22:24:31,639 [http-bio-8084-exec-1] [org.springframework.web.servlet.DispatcherServlet]-[DEBUG] Null ModelAndView returned to DispatcherServlet with name 'flyfox-sso': assuming HandlerAdapter completed request handling
2018-10-20 22:24:31,639 [http-bio-8084-exec-1] [org.springframework.web.servlet.DispatcherServlet]-[DEBUG] Successfully completed request
2018-10-20 22:24:31,640 [http-bio-8084-exec-6] [org.springframework.web.servlet.DispatcherServlet]-[DEBUG] DispatcherServlet with name 'flyfox-sso' processing GET request for [/images/one5.jpg]
2018-10-20 22:24:31,640 [http-bio-8084-exec-6] [org.springframework.web.servlet.mvc.method.annotation.RequestMappingHandlerMapping]-[DEBUG] Looking up handler method for path /images/one5.jpg
2018-10-20 22:24:31,641 [http-bio-8084-exec-6] [org.springframework.web.servlet.mvc.method.annotation.RequestMappingHandlerMapping]-[DEBUG] Did not find handler method for [/images/one5.jpg]
2018-10-20 22:24:31,642 [http-bio-8084-exec-6] [org.springframework.web.servlet.handler.SimpleUrlHandlerMapping]-[DEBUG] Matching patterns for request [/images/one5.jpg] are [/images/**]
2018-10-20 22:24:31,642 [http-bio-8084-exec-6] [org.springframework.web.servlet.handler.SimpleUrlHandlerMapping]-[DEBUG] URI Template variables for request [/images/one5.jpg] are {}
2018-10-20 22:24:31,642 [http-bio-8084-exec-6] [org.springframework.web.servlet.handler.SimpleUrlHandlerMapping]-[DEBUG] Mapping [/images/one5.jpg] to HandlerExecutionChain with handler [ResourceHttpRequestHandler [locations=[ServletContext resource [/WEB-INF/images/]], resolvers=[org.springframework.web.servlet.resource.PathResourceResolver@1d8deca5]]] and 1 interceptor
2018-10-20 22:24:31,642 [http-bio-8084-exec-6] [org.springframework.web.servlet.DispatcherServlet]-[DEBUG] Last-Modified value for [/images/one5.jpg] is: -1
2018-10-20 22:24:31,647 [http-bio-8084-exec-5] [org.springframework.web.servlet.DispatcherServlet]-[DEBUG] DispatcherServlet with name 'flyfox-sso' processing GET request for [/images/regist-word.png]
2018-10-20 22:24:31,647 [http-bio-8084-exec-5] [org.springframework.web.servlet.mvc.method.annotation.RequestMappingHandlerMapping]-[DEBUG] Looking up handler method for path /images/regist-word.png
2018-10-20 22:24:31,647 [http-bio-8084-exec-5] [org.springframework.web.servlet.mvc.method.annotation.RequestMappingHandlerMapping]-[DEBUG] Did not find handler method for [/images/regist-word.png]
2018-10-20 22:24:31,648 [http-bio-8084-exec-5] [org.springframework.web.servlet.handler.SimpleUrlHandlerMapping]-[DEBUG] Matching patterns for request [/images/regist-word.png] are [/images/**]
2018-10-20 22:24:31,647 [http-bio-8084-exec-6] [org.springframework.web.servlet.DispatcherServlet]-[DEBUG] Null ModelAndView returned to DispatcherServlet with name 'flyfox-sso': assuming HandlerAdapter completed request handling
2018-10-20 22:24:31,648 [http-bio-8084-exec-5] [org.springframework.web.servlet.handler.SimpleUrlHandlerMapping]-[DEBUG] URI Template variables for request [/images/regist-word.png] are {}
2018-10-20 22:24:31,648 [http-bio-8084-exec-1] [org.springframework.web.servlet.DispatcherServlet]-[DEBUG] DispatcherServlet with name 'flyfox-sso' processing GET request for [/images/one4.jpg]
2018-10-20 22:24:31,648 [http-bio-8084-exec-5] [org.springframework.web.servlet.handler.SimpleUrlHandlerMapping]-[DEBUG] Mapping [/images/regist-word.png] to HandlerExecutionChain with handler [ResourceHttpRequestHandler [locations=[ServletContext resource [/WEB-INF/images/]], resolvers=[org.springframework.web.servlet.resource.PathResourceResolver@1d8deca5]]] and 1 interceptor
2018-10-20 22:24:31,648 [http-bio-8084-exec-6] [org.springframework.web.servlet.DispatcherServlet]-[DEBUG] Successfully completed request
2018-10-20 22:24:31,648 [http-bio-8084-exec-5] [org.springframework.web.servlet.DispatcherServlet]-[DEBUG] Last-Modified value for [/images/regist-word.png] is: -1
2018-10-20 22:24:31,648 [http-bio-8084-exec-1] [org.springframework.web.servlet.mvc.method.annotation.RequestMappingHandlerMapping]-[DEBUG] Looking up handler method for path /images/one4.jpg
2018-10-20 22:24:31,649 [http-bio-8084-exec-1] [org.springframework.web.servlet.mvc.method.annotation.RequestMappingHandlerMapping]-[DEBUG] Did not find handler method for [/images/one4.jpg]
2018-10-20 22:24:31,650 [http-bio-8084-exec-1] [org.springframework.web.servlet.handler.SimpleUrlHandlerMapping]-[DEBUG] Matching patterns for request [/images/one4.jpg] are [/images/**]
2018-10-20 22:24:31,650 [http-bio-8084-exec-1] [org.springframework.web.servlet.handler.SimpleUrlHandlerMapping]-[DEBUG] URI Template variables for request [/images/one4.jpg] are {}
2018-10-20 22:24:31,650 [http-bio-8084-exec-1] [org.springframework.web.servlet.handler.SimpleUrlHandlerMapping]-[DEBUG] Mapping [/images/one4.jpg] to HandlerExecutionChain with handler [ResourceHttpRequestHandler [locations=[ServletContext resource [/WEB-INF/images/]], resolvers=[org.springframework.web.servlet.resource.PathResourceResolver@1d8deca5]]] and 1 interceptor
2018-10-20 22:24:31,650 [http-bio-8084-exec-1] [org.springframework.web.servlet.DispatcherServlet]-[DEBUG] Last-Modified value for [/images/one4.jpg] is: -1
2018-10-20 22:24:31,653 [http-bio-8084-exec-5] [org.springframework.web.servlet.DispatcherServlet]-[DEBUG] Null ModelAndView returned to DispatcherServlet with name 'flyfox-sso': assuming HandlerAdapter completed request handling
2018-10-20 22:24:31,653 [http-bio-8084-exec-1] [org.springframework.web.servlet.DispatcherServlet]-[DEBUG] Null ModelAndView returned to DispatcherServlet with name 'flyfox-sso': assuming HandlerAdapter completed request handling
2018-10-20 22:24:31,653 [http-bio-8084-exec-5] [org.springframework.web.servlet.DispatcherServlet]-[DEBUG] Successfully completed request
2018-10-20 22:24:31,653 [http-bio-8084-exec-1] [org.springframework.web.servlet.DispatcherServlet]-[DEBUG] Successfully completed request
2018-10-20 22:29:22,129 [http-bio-8084-exec-8] [org.springframework.web.servlet.DispatcherServlet]-[DEBUG] DispatcherServlet with name 'flyfox-sso' processing GET request for [/page/register]
2018-10-20 22:29:22,130 [http-bio-8084-exec-8] [org.springframework.web.servlet.mvc.method.annotation.RequestMappingHandlerMapping]-[DEBUG] Looking up handler method for path /page/register
2018-10-20 22:29:22,130 [http-bio-8084-exec-8] [org.springframework.web.servlet.mvc.method.annotation.RequestMappingHandlerMapping]-[DEBUG] Returning handler method [public java.lang.String com.flyfox.sso.controller.PageController.showRegister()]
2018-10-20 22:29:22,130 [http-bio-8084-exec-8] [org.springframework.beans.factory.support.DefaultListableBeanFactory]-[DEBUG] Returning cached instance of singleton bean 'pageController'
2018-10-20 22:29:22,130 [http-bio-8084-exec-8] [org.springframework.web.servlet.DispatcherServlet]-[DEBUG] Last-Modified value for [/page/register] is: -1
2018-10-20 22:29:22,131 [http-bio-8084-exec-8] [org.springframework.web.servlet.DispatcherServlet]-[DEBUG] Rendering view [org.springframework.web.servlet.view.InternalResourceView: name 'register'; URL [/WEB-INF/jsp/register.jsp]] in DispatcherServlet with name 'flyfox-sso'
2018-10-20 22:29:22,131 [http-bio-8084-exec-8] [org.springframework.web.servlet.view.InternalResourceView]-[DEBUG] Forwarding to resource [/WEB-INF/jsp/register.jsp] in InternalResourceView 'register'
2018-10-20 22:29:22,134 [http-bio-8084-exec-8] [org.springframework.web.servlet.DispatcherServlet]-[DEBUG] Successfully completed request
2018-10-20 22:31:10,089 [http-bio-8084-exec-9] [org.springframework.web.servlet.DispatcherServlet]-[DEBUG] DispatcherServlet with name 'flyfox-sso' processing GET request for [/page/register]
2018-10-20 22:31:10,090 [http-bio-8084-exec-9] [org.springframework.web.servlet.mvc.method.annotation.RequestMappingHandlerMapping]-[DEBUG] Looking up handler method for path /page/register
2018-10-20 22:31:10,091 [http-bio-8084-exec-9] [org.springframework.web.servlet.mvc.method.annotation.RequestMappingHandlerMapping]-[DEBUG] Returning handler method [public java.lang.String com.flyfox.sso.controller.PageController.showRegister()]
2018-10-20 22:31:10,091 [http-bio-8084-exec-9] [org.springframework.beans.factory.support.DefaultListableBeanFactory]-[DEBUG] Returning cached instance of singleton bean 'pageController'
2018-10-20 22:31:10,092 [http-bio-8084-exec-9] [org.springframework.web.servlet.DispatcherServlet]-[DEBUG] Last-Modified value for [/page/register] is: -1
2018-10-20 22:31:10,092 [http-bio-8084-exec-9] [org.springframework.web.servlet.DispatcherServlet]-[DEBUG] Rendering view [org.springframework.web.servlet.view.InternalResourceView: name 'register'; URL [/WEB-INF/jsp/register.jsp]] in DispatcherServlet with name 'flyfox-sso'
2018-10-20 22:31:10,093 [http-bio-8084-exec-9] [org.springframework.web.servlet.view.InternalResourceView]-[DEBUG] Forwarding to resource [/WEB-INF/jsp/register.jsp] in InternalResourceView 'register'
2018-10-20 22:31:10,275 [http-bio-8084-exec-9] [org.springframework.web.servlet.DispatcherServlet]-[DEBUG] Successfully completed request
2018-10-20 22:31:10,335 [http-bio-8084-exec-7] [org.springframework.web.servlet.DispatcherServlet]-[DEBUG] DispatcherServlet with name 'flyfox-sso' processing GET request for [/images/flyfox-logo.gif]
2018-10-20 22:31:10,336 [http-bio-8084-exec-7] [org.springframework.web.servlet.mvc.method.annotation.RequestMappingHandlerMapping]-[DEBUG] Looking up handler method for path /images/flyfox-logo.gif
2018-10-20 22:31:10,336 [http-bio-8084-exec-7] [org.springframework.web.servlet.mvc.method.annotation.RequestMappingHandlerMapping]-[DEBUG] Did not find handler method for [/images/flyfox-logo.gif]
2018-10-20 22:31:10,336 [http-bio-8084-exec-7] [org.springframework.web.servlet.handler.SimpleUrlHandlerMapping]-[DEBUG] Matching patterns for request [/images/flyfox-logo.gif] are [/images/**]
2018-10-20 22:31:10,337 [http-bio-8084-exec-7] [org.springframework.web.servlet.handler.SimpleUrlHandlerMapping]-[DEBUG] URI Template variables for request [/images/flyfox-logo.gif] are {}
2018-10-20 22:31:10,337 [http-bio-8084-exec-7] [org.springframework.web.servlet.handler.SimpleUrlHandlerMapping]-[DEBUG] Mapping [/images/flyfox-logo.gif] to HandlerExecutionChain with handler [ResourceHttpRequestHandler [locations=[ServletContext resource [/WEB-INF/images/]], resolvers=[org.springframework.web.servlet.resource.PathResourceResolver@1d8deca5]]] and 1 interceptor
2018-10-20 22:31:10,337 [http-bio-8084-exec-7] [org.springframework.web.servlet.DispatcherServlet]-[DEBUG] Last-Modified value for [/images/flyfox-logo.gif] is: -1
2018-10-20 22:31:10,340 [http-bio-8084-exec-7] [org.springframework.web.servlet.DispatcherServlet]-[DEBUG] Null ModelAndView returned to DispatcherServlet with name 'flyfox-sso': assuming HandlerAdapter completed request handling
2018-10-20 22:31:10,341 [http-bio-8084-exec-7] [org.springframework.web.servlet.DispatcherServlet]-[DEBUG] Successfully completed request
2018-10-20 22:33:15,786 [http-bio-8084-exec-6] [org.springframework.web.servlet.DispatcherServlet]-[DEBUG] DispatcherServlet with name 'flyfox-sso' processing GET request for [/page/register]
2018-10-20 22:33:15,787 [http-bio-8084-exec-6] [org.springframework.web.servlet.mvc.method.annotation.RequestMappingHandlerMapping]-[DEBUG] Looking up handler method for path /page/register
2018-10-20 22:33:15,787 [http-bio-8084-exec-6] [org.springframework.web.servlet.mvc.method.annotation.RequestMappingHandlerMapping]-[DEBUG] Returning handler method [public java.lang.String com.flyfox.sso.controller.PageController.showRegister()]
2018-10-20 22:33:15,787 [http-bio-8084-exec-6] [org.springframework.beans.factory.support.DefaultListableBeanFactory]-[DEBUG] Returning cached instance of singleton bean 'pageController'
2018-10-20 22:33:15,788 [http-bio-8084-exec-6] [org.springframework.web.servlet.DispatcherServlet]-[DEBUG] Last-Modified value for [/page/register] is: -1
2018-10-20 22:33:15,789 [http-bio-8084-exec-6] [org.springframework.web.servlet.DispatcherServlet]-[DEBUG] Rendering view [org.springframework.web.servlet.view.InternalResourceView: name 'register'; URL [/WEB-INF/jsp/register.jsp]] in DispatcherServlet with name 'flyfox-sso'
2018-10-20 22:33:15,790 [http-bio-8084-exec-6] [org.springframework.web.servlet.view.InternalResourceView]-[DEBUG] Forwarding to resource [/WEB-INF/jsp/register.jsp] in InternalResourceView 'register'
2018-10-20 22:33:15,793 [http-bio-8084-exec-6] [org.springframework.web.servlet.DispatcherServlet]-[DEBUG] Successfully completed request
2018-10-20 22:33:18,371 [http-bio-8084-exec-6] [org.springframework.web.servlet.DispatcherServlet]-[DEBUG] DispatcherServlet with name 'flyfox-sso' processing GET request for [/page/register]
2018-10-20 22:33:18,372 [http-bio-8084-exec-6] [org.springframework.web.servlet.mvc.method.annotation.RequestMappingHandlerMapping]-[DEBUG] Looking up handler method for path /page/register
2018-10-20 22:33:18,372 [http-bio-8084-exec-6] [org.springframework.web.servlet.mvc.method.annotation.RequestMappingHandlerMapping]-[DEBUG] Returning handler method [public java.lang.String com.flyfox.sso.controller.PageController.showRegister()]
2018-10-20 22:33:18,372 [http-bio-8084-exec-6] [org.springframework.beans.factory.support.DefaultListableBeanFactory]-[DEBUG] Returning cached instance of singleton bean 'pageController'
2018-10-20 22:33:18,372 [http-bio-8084-exec-6] [org.springframework.web.servlet.DispatcherServlet]-[DEBUG] Last-Modified value for [/page/register] is: -1
2018-10-20 22:33:18,373 [http-bio-8084-exec-6] [org.springframework.web.servlet.DispatcherServlet]-[DEBUG] Rendering view [org.springframework.web.servlet.view.InternalResourceView: name 'register'; URL [/WEB-INF/jsp/register.jsp]] in DispatcherServlet with name 'flyfox-sso'
2018-10-20 22:33:18,373 [http-bio-8084-exec-6] [org.springframework.web.servlet.view.InternalResourceView]-[DEBUG] Forwarding to resource [/WEB-INF/jsp/register.jsp] in InternalResourceView 'register'
2018-10-20 22:33:18,374 [http-bio-8084-exec-6] [org.springframework.web.servlet.DispatcherServlet]-[DEBUG] Successfully completed request
2018-10-20 22:33:27,364 [http-bio-8084-exec-6] [org.springframework.web.servlet.DispatcherServlet]-[DEBUG] DispatcherServlet with name 'flyfox-sso' processing GET request for [/page/register]
2018-10-20 22:33:27,364 [http-bio-8084-exec-6] [org.springframework.web.servlet.mvc.method.annotation.RequestMappingHandlerMapping]-[DEBUG] Looking up handler method for path /page/register
2018-10-20 22:33:27,364 [http-bio-8084-exec-6] [org.springframework.web.servlet.mvc.method.annotation.RequestMappingHandlerMapping]-[DEBUG] Returning handler method [public java.lang.String com.flyfox.sso.controller.PageController.showRegister()]
2018-10-20 22:33:27,364 [http-bio-8084-exec-6] [org.springframework.beans.factory.support.DefaultListableBeanFactory]-[DEBUG] Returning cached instance of singleton bean 'pageController'
2018-10-20 22:33:27,364 [http-bio-8084-exec-6] [org.springframework.web.servlet.DispatcherServlet]-[DEBUG] Last-Modified value for [/page/register] is: -1
2018-10-20 22:33:27,365 [http-bio-8084-exec-6] [org.springframework.web.servlet.DispatcherServlet]-[DEBUG] Rendering view [org.springframework.web.servlet.view.InternalResourceView: name 'register'; URL [/WEB-INF/jsp/register.jsp]] in DispatcherServlet with name 'flyfox-sso'
2018-10-20 22:33:27,365 [http-bio-8084-exec-6] [org.springframework.web.servlet.view.InternalResourceView]-[DEBUG] Forwarding to resource [/WEB-INF/jsp/register.jsp] in InternalResourceView 'register'
2018-10-20 22:33:27,366 [http-bio-8084-exec-6] [org.springframework.web.servlet.DispatcherServlet]-[DEBUG] Successfully completed request
